<?xml version="1.0" encoding="UTF-8"?>
<testsuite xmlns:xsi="http://www.w3.org/2001/XMLSchema-instance" xsi:noNamespaceSchemaLocation="https://maven.apache.org/surefire/maven-surefire-plugin/xsd/surefire-test-report-3.0.xsd" version="3.0" name="io.java.ipldashboard.IpldashboardApplicationTests" time="15.625" tests="1" errors="0" skipped="0" failures="0">
  <properties>
[...]
</properties>
  <testcase name="contextLoads" classname="io.java.ipldashboard.IpldashboardApplicationTests" time="1.511">
    <system-out><![CDATA[16:17:42.242 [main] INFO org.springframework.test.context.support.AnnotationConfigContextLoaderUtils -- Could not detect default configuration classes for test class [io.java.ipldashboard.IpldashboardApplicationTests]: IpldashboardApplicationTests does not declare any static, non-private, non-final, nested classes annotated with @Configuration.
16:17:42.407 [main] INFO org.springframework.boot.test.context.SpringBootTestContextBootstrapper -- Found @SpringBootConfiguration io.java.ipldashboard.IpldashboardApplication for test class io.java.ipldashboard.IpldashboardApplicationTests
16:17:42.708 [main] INFO org.springframework.boot.devtools.restart.RestartApplicationListener -- Restart disabled due to context in which it is running

  .   ____          _            __ _ _
 /\\ / ___'_ __ _ _(_)_ __  __ _ \ \ \ \
( ( )\___ | '_ | '_| | '_ \/ _` | \ \ \ \
 \\/  ___)| |_)| | | | | || (_| |  ) ) ) )
  '  |____| .__|_| |_|_| |_\__, | / / / /
 =========|_|==============|___/=/_/_/_/

 :: Spring Boot ::                (v3.3.1)

2024-07-09T16:17:43.195-05:00  INFO 18288 --- [ipldashboard] [           main] i.j.i.IpldashboardApplicationTests       : Starting IpldashboardApplicationTests using Java 17.0.11 with PID 18288 (started by lenovo in E:\IPL React SpringBoot App\ipldashboard)
2024-07-09T16:17:43.198-05:00  INFO 18288 --- [ipldashboard] [           main] i.j.i.IpldashboardApplicationTests       : No active profile set, falling back to 1 default profile: "default"
2024-07-09T16:17:44.945-05:00  INFO 18288 --- [ipldashboard] [           main] .s.d.r.c.RepositoryConfigurationDelegate : Bootstrapping Spring Data JPA repositories in DEFAULT mode.
2024-07-09T16:17:45.037-05:00  INFO 18288 --- [ipldashboard] [           main] .s.d.r.c.RepositoryConfigurationDelegate : Finished Spring Data repository scanning in 79 ms. Found 2 JPA repository interfaces.
2024-07-09T16:17:46.258-05:00  WARN 18288 --- [ipldashboard] [           main] trationDelegate$BeanPostProcessorChecker : Bean 'batchConfig' of type [io.java.ipldashboard.data.BatchConfig$$SpringCGLIB$$0] is not eligible for getting processed by all BeanPostProcessors (for example: not eligible for auto-proxying). Is this bean getting eagerly injected into a currently created BeanPostProcessor [jobRegistryBeanPostProcessor]? Check the corresponding BeanPostProcessor declaration and its dependencies.
2024-07-09T16:17:46.275-05:00  WARN 18288 --- [ipldashboard] [           main] trationDelegate$BeanPostProcessorChecker : Bean 'dataSource' of type [org.springframework.jdbc.datasource.DriverManagerDataSource] is not eligible for getting processed by all BeanPostProcessors (for example: not eligible for auto-proxying). Is this bean getting eagerly injected into a currently created BeanPostProcessor [jobRegistryBeanPostProcessor]? Check the corresponding BeanPostProcessor declaration and its dependencies.
2024-07-09T16:17:46.292-05:00  WARN 18288 --- [ipldashboard] [           main] trationDelegate$BeanPostProcessorChecker : Bean 'transactionManager' of type [org.springframework.jdbc.datasource.DataSourceTransactionManager] is not eligible for getting processed by all BeanPostProcessors (for example: not eligible for auto-proxying). Is this bean getting eagerly injected into a currently created BeanPostProcessor [jobRegistryBeanPostProcessor]? Check the corresponding BeanPostProcessor declaration and its dependencies.
2024-07-09T16:17:46.330-05:00  WARN 18288 --- [ipldashboard] [           main] trationDelegate$BeanPostProcessorChecker : Bean 'spring.batch-org.springframework.boot.autoconfigure.batch.BatchProperties' of type [org.springframework.boot.autoconfigure.batch.BatchProperties] is not eligible for getting processed by all BeanPostProcessors (for example: not eligible for auto-proxying). Is this bean getting eagerly injected into a currently created BeanPostProcessor [jobRegistryBeanPostProcessor]? Check the corresponding BeanPostProcessor declaration and its dependencies.
2024-07-09T16:17:46.346-05:00  WARN 18288 --- [ipldashboard] [           main] trationDelegate$BeanPostProcessorChecker : Bean 'org.springframework.boot.autoconfigure.batch.BatchAutoConfiguration$SpringBootBatchConfiguration' of type [org.springframework.boot.autoconfigure.batch.BatchAutoConfiguration$SpringBootBatchConfiguration] is not eligible for getting processed by all BeanPostProcessors (for example: not eligible for auto-proxying). The currently created BeanPostProcessor [jobRegistryBeanPostProcessor] is declared through a non-static factory method on that class; consider declaring it as static instead.
2024-07-09T16:17:47.177-05:00  INFO 18288 --- [ipldashboard] [           main] o.hibernate.jpa.internal.util.LogHelper  : HHH000204: Processing PersistenceUnitInfo [name: default]
2024-07-09T16:17:47.302-05:00  INFO 18288 --- [ipldashboard] [           main] org.hibernate.Version                    : HHH000412: Hibernate ORM core version 6.5.2.Final
2024-07-09T16:17:47.371-05:00  INFO 18288 --- [ipldashboard] [           main] o.h.c.internal.RegionFactoryInitiator    : HHH000026: Second-level cache disabled
2024-07-09T16:17:47.910-05:00  INFO 18288 --- [ipldashboard] [           main] o.s.o.j.p.SpringPersistenceUnitInfo      : No LoadTimeWeaver setup: ignoring JPA class transformer
2024-07-09T16:17:47.978-05:00  WARN 18288 --- [ipldashboard] [           main] org.hibernate.orm.deprecation            : HHH90000025: HSQLDialect does not need to be specified explicitly using 'hibernate.dialect' (remove the property setting and it will be selected by default)
2024-07-09T16:17:49.319-05:00  INFO 18288 --- [ipldashboard] [           main] o.h.e.t.j.p.i.JtaPlatformInitiator       : HHH000489: No JTA platform available (set 'hibernate.transaction.jta.platform' to enable JTA platform integration)
Hibernate: create table match (id bigint not null, city varchar(255), date date, match_winner varchar(255), player_of_match varchar(255), result varchar(255), result_margin varchar(255), team1 varchar(255), team2 varchar(255), toss_decision varchar(255), toss_winner varchar(255), umpire1 varchar(255), umpire2 varchar(255), venue varchar(255), primary key (id))
Hibernate: create table team (id bigint not null, team_name varchar(255), total_matches bigint not null, total_wins bigint not null, primary key (id))
2024-07-09T16:17:49.425-05:00  INFO 18288 --- [ipldashboard] [           main] j.LocalContainerEntityManagerFactoryBean : Initialized JPA EntityManagerFactory for persistence unit 'default'
2024-07-09T16:17:50.096-05:00  INFO 18288 --- [ipldashboard] [           main] o.s.d.j.r.query.QueryEnhancerFactory     : Hibernate is in classpath; If applicable, HQL parser will be used.
2024-07-09T16:17:51.354-05:00  WARN 18288 --- [ipldashboard] [           main] JpaBaseConfiguration$JpaWebConfiguration : spring.jpa.open-in-view is enabled by default. Therefore, database queries may be performed during view rendering. Explicitly configure spring.jpa.open-in-view to disable this warning
2024-07-09T16:17:51.467-05:00  INFO 18288 --- [ipldashboard] [           main] o.s.b.a.w.s.WelcomePageHandlerMapping    : Adding welcome page: class path resource [public/index.html]
2024-07-09T16:17:53.328-05:00  INFO 18288 --- [ipldashboard] [           main] o.s.b.a.e.web.EndpointLinksResolver      : Exposing 1 endpoint beneath base path '/actuator'
2024-07-09T16:17:53.408-05:00  INFO 18288 --- [ipldashboard] [           main] i.j.i.IpldashboardApplicationTests       : Started IpldashboardApplicationTests in 10.745 seconds (process running for 12.525)
2024-07-09T16:17:53.609-05:00  INFO 18288 --- [ipldashboard] [           main] o.s.b.a.b.JobLauncherApplicationRunner   : Running default command line with: []
2024-07-09T16:17:53.645-05:00  INFO 18288 --- [ipldashboard] [           main] o.s.b.c.l.support.SimpleJobLauncher      : Job: [SimpleJob: [name=importUserJob]] launched with the following parameters: [{}]
2024-07-09T16:17:53.698-05:00  INFO 18288 --- [ipldashboard] [           main] o.s.batch.core.job.SimpleStepHandler     : Executing step: [step1]
2024-07-09T16:17:55.332-05:00  INFO 18288 --- [ipldashboard] [           main] o.s.batch.core.step.AbstractStep         : Step: [step1] executed in 1s632ms
2024-07-09T16:17:55.337-05:00  INFO 18288 --- [ipldashboard] [           main] .j.i.d.JobCompletionNotificationListener : !!! JOB FINISHED! Time to verify the results
Hibernate: select m1_0.id,m1_0.city,m1_0.date,m1_0.match_winner,m1_0.player_of_match,m1_0.result,m1_0.result_margin,m1_0.team1,m1_0.team2,m1_0.toss_decision,m1_0.toss_winner,m1_0.umpire1,m1_0.umpire2,m1_0.venue from match m1_0
id is:-335982
date is:-2008-04-18
venue is:-M Chinnaswamy Stadium
team 1 is:-Kolkata Knight Riders
team 2 is:-Royal Challengers Bangalore
id is:-335983
date is:-2008-04-19
venue is:-Punjab Cricket Association Stadium, Mohali
team 1 is:-Chennai Super Kings
team 2 is:-Kings XI Punjab
id is:-335984
date is:-2008-04-19
venue is:-Feroz Shah Kotla
team 1 is:-Rajasthan Royals
team 2 is:-Delhi Capitals
id is:-335985
date is:-2008-04-20
venue is:-Wankhede Stadium
team 1 is:-Mumbai Indians
team 2 is:-Royal Challengers Bangalore
id is:-335986
date is:-2008-04-20
venue is:-Eden Gardens
team 1 is:-Deccan Chargers
team 2 is:-Kolkata Knight Riders
id is:-335987
date is:-2008-04-21
venue is:-Sawai Mansingh Stadium
team 1 is:-Kings XI Punjab
team 2 is:-Rajasthan Royals
id is:-335988
date is:-2008-04-22
venue is:-Rajiv Gandhi International Stadium, Uppal
team 1 is:-Deccan Chargers
team 2 is:-Delhi Capitals
id is:-335989
date is:-2008-04-23
venue is:-MA Chidambaram Stadium, Chepauk
team 1 is:-Chennai Super Kings
team 2 is:-Mumbai Indians
id is:-335990
date is:-2008-04-24
venue is:-Rajiv Gandhi International Stadium, Uppal
team 1 is:-Deccan Chargers
team 2 is:-Rajasthan Royals
id is:-335991
date is:-2008-04-25
venue is:-Punjab Cricket Association Stadium, Mohali
team 1 is:-Kings XI Punjab
team 2 is:-Mumbai Indians
id is:-335992
date is:-2008-04-26
venue is:-M Chinnaswamy Stadium
team 1 is:-Royal Challengers Bangalore
team 2 is:-Rajasthan Royals
id is:-335993
date is:-2008-04-26
venue is:-MA Chidambaram Stadium, Chepauk
team 1 is:-Kolkata Knight Riders
team 2 is:-Chennai Super Kings
id is:-335994
date is:-2008-04-27
venue is:-Dr DY Patil Sports Academy
team 1 is:-Mumbai Indians
team 2 is:-Deccan Chargers
id is:-335995
date is:-2008-04-27
venue is:-Punjab Cricket Association Stadium, Mohali
team 1 is:-Delhi Capitals
team 2 is:-Kings XI Punjab
id is:-335996
date is:-2008-04-28
venue is:-M Chinnaswamy Stadium
team 1 is:-Chennai Super Kings
team 2 is:-Royal Challengers Bangalore
id is:-335997
date is:-2008-04-29
venue is:-Eden Gardens
team 1 is:-Kolkata Knight Riders
team 2 is:-Mumbai Indians
id is:-335998
date is:-2008-04-30
venue is:-Feroz Shah Kotla
team 1 is:-Delhi Capitals
team 2 is:-Royal Challengers Bangalore
id is:-335999
date is:-2008-05-01
venue is:-Rajiv Gandhi International Stadium, Uppal
team 1 is:-Deccan Chargers
team 2 is:-Kings XI Punjab
id is:-336000
date is:-2008-05-01
venue is:-Sawai Mansingh Stadium
team 1 is:-Rajasthan Royals
team 2 is:-Kolkata Knight Riders
id is:-336001
date is:-2008-05-02
venue is:-MA Chidambaram Stadium, Chepauk
team 1 is:-Chennai Super Kings
team 2 is:-Delhi Capitals
id is:-336002
date is:-2008-05-25
venue is:-Rajiv Gandhi International Stadium, Uppal
team 1 is:-Deccan Chargers
team 2 is:-Royal Challengers Bangalore
id is:-336003
date is:-2008-05-03
venue is:-Punjab Cricket Association Stadium, Mohali
team 1 is:-Kings XI Punjab
team 2 is:-Kolkata Knight Riders
id is:-336004
date is:-2008-05-04
venue is:-Dr DY Patil Sports Academy
team 1 is:-Mumbai Indians
team 2 is:-Delhi Capitals
id is:-336005
date is:-2008-05-04
venue is:-Sawai Mansingh Stadium
team 1 is:-Chennai Super Kings
team 2 is:-Rajasthan Royals
id is:-336006
date is:-2008-05-05
venue is:-M Chinnaswamy Stadium
team 1 is:-Royal Challengers Bangalore
team 2 is:-Kings XI Punjab
id is:-336007
date is:-2008-05-06
venue is:-MA Chidambaram Stadium, Chepauk
team 1 is:-Chennai Super Kings
team 2 is:-Deccan Chargers
id is:-336008
date is:-2008-05-07
venue is:-Dr DY Patil Sports Academy
team 1 is:-Rajasthan Royals
team 2 is:-Mumbai Indians
id is:-336009
date is:-2008-05-08
venue is:-Feroz Shah Kotla
team 1 is:-Delhi Capitals
team 2 is:-Chennai Super Kings
id is:-336010
date is:-2008-05-08
venue is:-Eden Gardens
team 1 is:-Kolkata Knight Riders
team 2 is:-Royal Challengers Bangalore
id is:-336011
date is:-2008-05-09
venue is:-Sawai Mansingh Stadium
team 1 is:-Deccan Chargers
team 2 is:-Rajasthan Royals
id is:-336012
date is:-2008-05-28
venue is:-M Chinnaswamy Stadium
team 1 is:-Royal Challengers Bangalore
team 2 is:-Mumbai Indians
id is:-336013
date is:-2008-05-10
venue is:-MA Chidambaram Stadium, Chepauk
team 1 is:-Chennai Super Kings
team 2 is:-Kings XI Punjab
id is:-336014
date is:-2008-05-11
venue is:-Rajiv Gandhi International Stadium, Uppal
team 1 is:-Kolkata Knight Riders
team 2 is:-Deccan Chargers
id is:-336015
date is:-2008-05-11
venue is:-Sawai Mansingh Stadium
team 1 is:-Delhi Capitals
team 2 is:-Rajasthan Royals
id is:-336016
date is:-2008-05-12
venue is:-Punjab Cricket Association Stadium, Mohali
team 1 is:-Royal Challengers Bangalore
team 2 is:-Kings XI Punjab
id is:-336017
date is:-2008-05-13
venue is:-Eden Gardens
team 1 is:-Kolkata Knight Riders
team 2 is:-Delhi Capitals
id is:-336018
date is:-2008-05-14
venue is:-Wankhede Stadium
team 1 is:-Chennai Super Kings
team 2 is:-Mumbai Indians
id is:-336019
date is:-2008-05-28
venue is:-Punjab Cricket Association Stadium, Mohali
team 1 is:-Kings XI Punjab
team 2 is:-Rajasthan Royals
id is:-336020
date is:-2008-05-15
venue is:-Feroz Shah Kotla
team 1 is:-Delhi Capitals
team 2 is:-Deccan Chargers
id is:-336021
date is:-2008-05-16
venue is:-Wankhede Stadium
team 1 is:-Kolkata Knight Riders
team 2 is:-Mumbai Indians
id is:-336022
date is:-2008-05-17
venue is:-Feroz Shah Kotla
team 1 is:-Delhi Capitals
team 2 is:-Kings XI Punjab
id is:-336023
date is:-2008-05-17
venue is:-Sawai Mansingh Stadium
team 1 is:-Rajasthan Royals
team 2 is:-Royal Challengers Bangalore
id is:-336024
date is:-2008-05-18
venue is:-Rajiv Gandhi International Stadium, Uppal
team 1 is:-Mumbai Indians
team 2 is:-Deccan Chargers
id is:-336025
date is:-2008-05-18
venue is:-Eden Gardens
team 1 is:-Kolkata Knight Riders
team 2 is:-Chennai Super Kings
id is:-336026
date is:-2008-05-19
venue is:-M Chinnaswamy Stadium
team 1 is:-Royal Challengers Bangalore
team 2 is:-Delhi Capitals
id is:-336027
date is:-2008-05-20
venue is:-Eden Gardens
team 1 is:-Kolkata Knight Riders
team 2 is:-Rajasthan Royals
id is:-336028
date is:-2008-05-21
venue is:-Wankhede Stadium
team 1 is:-Kings XI Punjab
team 2 is:-Mumbai Indians
id is:-336029
date is:-2008-05-21
venue is:-MA Chidambaram Stadium, Chepauk
team 1 is:-Royal Challengers Bangalore
team 2 is:-Chennai Super Kings
id is:-336031
date is:-2008-05-23
venue is:-Punjab Cricket Association Stadium, Mohali
team 1 is:-Deccan Chargers
team 2 is:-Kings XI Punjab
id is:-336032
date is:-2008-05-24
venue is:-Feroz Shah Kotla
team 1 is:-Mumbai Indians
team 2 is:-Delhi Capitals
id is:-336033
date is:-2008-05-24
venue is:-MA Chidambaram Stadium, Chepauk
team 1 is:-Rajasthan Royals
team 2 is:-Chennai Super Kings
id is:-336034
date is:-2008-05-03
venue is:-M Chinnaswamy Stadium
team 1 is:-Royal Challengers Bangalore
team 2 is:-Deccan Chargers
id is:-336035
date is:-2008-05-25
venue is:-Eden Gardens
team 1 is:-Kings XI Punjab
team 2 is:-Kolkata Knight Riders
id is:-336036
date is:-2008-05-26
venue is:-Sawai Mansingh Stadium
team 1 is:-Mumbai Indians
team 2 is:-Rajasthan Royals
id is:-336037
date is:-2008-05-27
venue is:-Rajiv Gandhi International Stadium, Uppal
team 1 is:-Deccan Chargers
team 2 is:-Chennai Super Kings
id is:-336038
date is:-2008-05-30
venue is:-Wankhede Stadium
team 1 is:-Rajasthan Royals
team 2 is:-Delhi Capitals
id is:-336039
date is:-2008-05-31
venue is:-Wankhede Stadium
team 1 is:-Kings XI Punjab
team 2 is:-Chennai Super Kings
id is:-336040
date is:-2008-06-01
venue is:-Dr DY Patil Sports Academy
team 1 is:-Chennai Super Kings
team 2 is:-Rajasthan Royals
id is:-392181
date is:-2009-04-18
venue is:-Newlands
team 1 is:-Mumbai Indians
team 2 is:-Chennai Super Kings
id is:-392182
date is:-2009-04-18
venue is:-Newlands
team 1 is:-Royal Challengers Bangalore
team 2 is:-Rajasthan Royals
id is:-392183
date is:-2009-04-19
venue is:-Newlands
team 1 is:-Kings XI Punjab
team 2 is:-Delhi Capitals
id is:-392184
date is:-2009-04-19
venue is:-Newlands
team 1 is:-Kolkata Knight Riders
team 2 is:-Deccan Chargers
id is:-392185
date is:-2009-04-20
venue is:-St George's Park
team 1 is:-Chennai Super Kings
team 2 is:-Royal Challengers Bangalore
id is:-392186
date is:-2009-04-21
venue is:-Kingsmead
team 1 is:-Kings XI Punjab
team 2 is:-Kolkata Knight Riders
id is:-392188
date is:-2009-04-22
venue is:-Newlands
team 1 is:-Deccan Chargers
team 2 is:-Royal Challengers Bangalore
id is:-392189
date is:-2009-04-23
venue is:-Kingsmead
team 1 is:-Delhi Capitals
team 2 is:-Chennai Super Kings
id is:-392190
date is:-2009-04-23
venue is:-Newlands
team 1 is:-Rajasthan Royals
team 2 is:-Kolkata Knight Riders
id is:-392191
date is:-2009-04-24
venue is:-Kingsmead
team 1 is:-Royal Challengers Bangalore
team 2 is:-Kings XI Punjab
id is:-392192
date is:-2009-04-25
venue is:-Kingsmead
team 1 is:-Deccan Chargers
team 2 is:-Mumbai Indians
id is:-392194
date is:-2009-04-26
venue is:-St George's Park
team 1 is:-Royal Challengers Bangalore
team 2 is:-Delhi Capitals
id is:-392195
date is:-2009-04-26
venue is:-Newlands
team 1 is:-Kings XI Punjab
team 2 is:-Rajasthan Royals
id is:-392196
date is:-2009-04-27
venue is:-Kingsmead
team 1 is:-Chennai Super Kings
team 2 is:-Deccan Chargers
id is:-392197
date is:-2009-04-27
venue is:-St George's Park
team 1 is:-Mumbai Indians
team 2 is:-Kolkata Knight Riders
id is:-392198
date is:-2009-04-28
venue is:-SuperSport Park
team 1 is:-Delhi Capitals
team 2 is:-Rajasthan Royals
id is:-392199
date is:-2009-04-29
venue is:-Kingsmead
team 1 is:-Kolkata Knight Riders
team 2 is:-Royal Challengers Bangalore
id is:-392200
date is:-2009-04-29
venue is:-Kingsmead
team 1 is:-Kings XI Punjab
team 2 is:-Mumbai Indians
id is:-392201
date is:-2009-04-30
venue is:-SuperSport Park
team 1 is:-Deccan Chargers
team 2 is:-Delhi Capitals
id is:-392202
date is:-2009-04-30
venue is:-SuperSport Park
team 1 is:-Chennai Super Kings
team 2 is:-Rajasthan Royals
id is:-392203
date is:-2009-05-01
venue is:-Buffalo Park
team 1 is:-Mumbai Indians
team 2 is:-Kolkata Knight Riders
id is:-392204
date is:-2009-05-01
venue is:-Kingsmead
team 1 is:-Royal Challengers Bangalore
team 2 is:-Kings XI Punjab
id is:-392205
date is:-2009-05-02
venue is:-St George's Park
team 1 is:-Deccan Chargers
team 2 is:-Rajasthan Royals
id is:-392206
date is:-2009-05-02
venue is:-New Wanderers Stadium
team 1 is:-Chennai Super Kings
team 2 is:-Delhi Capitals
id is:-392207
date is:-2009-05-03
venue is:-St George's Park
team 1 is:-Kolkata Knight Riders
team 2 is:-Kings XI Punjab
id is:-392208
date is:-2009-05-03
venue is:-New Wanderers Stadium
team 1 is:-Mumbai Indians
team 2 is:-Royal Challengers Bangalore
id is:-392209
date is:-2009-05-04
venue is:-Buffalo Park
team 1 is:-Chennai Super Kings
team 2 is:-Deccan Chargers
id is:-392210
date is:-2009-05-05
venue is:-Kingsmead
team 1 is:-Rajasthan Royals
team 2 is:-Kings XI Punjab
id is:-392211
date is:-2009-05-05
venue is:-Kingsmead
team 1 is:-Kolkata Knight Riders
team 2 is:-Delhi Capitals
id is:-392212
date is:-2009-05-06
venue is:-SuperSport Park
team 1 is:-Deccan Chargers
team 2 is:-Mumbai Indians
id is:-392213
date is:-2009-05-07
venue is:-SuperSport Park
team 1 is:-Royal Challengers Bangalore
team 2 is:-Rajasthan Royals
id is:-392214
date is:-2009-05-07
venue is:-SuperSport Park
team 1 is:-Chennai Super Kings
team 2 is:-Kings XI Punjab
id is:-392215
date is:-2009-05-08
venue is:-Buffalo Park
team 1 is:-Mumbai Indians
team 2 is:-Delhi Capitals
id is:-392216
date is:-2009-05-09
venue is:-De Beers Diamond Oval
team 1 is:-Deccan Chargers
team 2 is:-Kings XI Punjab
id is:-392217
date is:-2009-05-09
venue is:-De Beers Diamond Oval
team 1 is:-Rajasthan Royals
team 2 is:-Chennai Super Kings
id is:-392218
date is:-2009-05-10
venue is:-St George's Park
team 1 is:-Mumbai Indians
team 2 is:-Royal Challengers Bangalore
id is:-392219
date is:-2009-05-10
venue is:-New Wanderers Stadium
team 1 is:-Kolkata Knight Riders
team 2 is:-Delhi Capitals
id is:-392220
date is:-2009-05-11
venue is:-De Beers Diamond Oval
team 1 is:-Deccan Chargers
team 2 is:-Rajasthan Royals
id is:-392221
date is:-2009-05-12
venue is:-SuperSport Park
team 1 is:-Kolkata Knight Riders
team 2 is:-Royal Challengers Bangalore
id is:-392222
date is:-2009-05-12
venue is:-SuperSport Park
team 1 is:-Kings XI Punjab
team 2 is:-Mumbai Indians
id is:-392223
date is:-2009-05-13
venue is:-Kingsmead
team 1 is:-Delhi Capitals
team 2 is:-Deccan Chargers
id is:-392224
date is:-2009-05-14
venue is:-Kingsmead
team 1 is:-Chennai Super Kings
team 2 is:-Royal Challengers Bangalore
id is:-392225
date is:-2009-05-14
venue is:-Kingsmead
team 1 is:-Rajasthan Royals
team 2 is:-Mumbai Indians
id is:-392226
date is:-2009-05-15
venue is:-OUTsurance Oval
team 1 is:-Delhi Capitals
team 2 is:-Kings XI Punjab
id is:-392227
date is:-2009-05-16
venue is:-St George's Park
team 1 is:-Mumbai Indians
team 2 is:-Chennai Super Kings
id is:-392228
date is:-2009-05-16
venue is:-New Wanderers Stadium
team 1 is:-Kolkata Knight Riders
team 2 is:-Deccan Chargers
id is:-392229
date is:-2009-05-17
venue is:-New Wanderers Stadium
team 1 is:-Kings XI Punjab
team 2 is:-Deccan Chargers
id is:-392230
date is:-2009-05-17
venue is:-OUTsurance Oval
team 1 is:-Delhi Capitals
team 2 is:-Rajasthan Royals
id is:-392231
date is:-2009-05-18
venue is:-SuperSport Park
team 1 is:-Chennai Super Kings
team 2 is:-Kolkata Knight Riders
id is:-392232
date is:-2009-05-19
venue is:-New Wanderers Stadium
team 1 is:-Delhi Capitals
team 2 is:-Royal Challengers Bangalore
id is:-392233
date is:-2009-05-20
venue is:-Kingsmead
team 1 is:-Rajasthan Royals
team 2 is:-Kolkata Knight Riders
id is:-392234
date is:-2009-05-20
venue is:-Kingsmead
team 1 is:-Chennai Super Kings
team 2 is:-Kings XI Punjab
id is:-392235
date is:-2009-05-21
venue is:-SuperSport Park
team 1 is:-Mumbai Indians
team 2 is:-Delhi Capitals
id is:-392236
date is:-2009-05-21
venue is:-SuperSport Park
team 1 is:-Royal Challengers Bangalore
team 2 is:-Deccan Chargers
id is:-392237
date is:-2009-05-22
venue is:-SuperSport Park
team 1 is:-Delhi Capitals
team 2 is:-Deccan Chargers
id is:-392238
date is:-2009-05-23
venue is:-New Wanderers Stadium
team 1 is:-Chennai Super Kings
team 2 is:-Royal Challengers Bangalore
id is:-392239
date is:-2009-05-24
venue is:-New Wanderers Stadium
team 1 is:-Deccan Chargers
team 2 is:-Royal Challengers Bangalore
id is:-419106
date is:-2010-03-12
venue is:-Dr DY Patil Sports Academy
team 1 is:-Kolkata Knight Riders
team 2 is:-Deccan Chargers
id is:-419107
date is:-2010-03-13
venue is:-Brabourne Stadium
team 1 is:-Mumbai Indians
team 2 is:-Rajasthan Royals
id is:-419108
date is:-2010-03-13
venue is:-Punjab Cricket Association Stadium, Mohali
team 1 is:-Kings XI Punjab
team 2 is:-Delhi Capitals
id is:-419109
date is:-2010-03-14
venue is:-Eden Gardens
team 1 is:-Royal Challengers Bangalore
team 2 is:-Kolkata Knight Riders
id is:-419110
date is:-2010-03-14
venue is:-MA Chidambaram Stadium, Chepauk
team 1 is:-Deccan Chargers
team 2 is:-Chennai Super Kings
id is:-419111
date is:-2010-03-15
venue is:-Sardar Patel Stadium, Motera
team 1 is:-Rajasthan Royals
team 2 is:-Delhi Capitals
id is:-419112
date is:-2010-03-16
venue is:-M Chinnaswamy Stadium
team 1 is:-Kings XI Punjab
team 2 is:-Royal Challengers Bangalore
id is:-419113
date is:-2010-03-16
venue is:-Eden Gardens
team 1 is:-Chennai Super Kings
team 2 is:-Kolkata Knight Riders
id is:-419114
date is:-2010-03-17
venue is:-Feroz Shah Kotla
team 1 is:-Mumbai Indians
team 2 is:-Delhi Capitals
id is:-419115
date is:-2010-03-18
venue is:-M Chinnaswamy Stadium
team 1 is:-Rajasthan Royals
team 2 is:-Royal Challengers Bangalore
id is:-419116
date is:-2010-03-19
venue is:-Feroz Shah Kotla
team 1 is:-Delhi Capitals
team 2 is:-Chennai Super Kings
id is:-419117
date is:-2010-03-19
venue is:-Barabati Stadium
team 1 is:-Deccan Chargers
team 2 is:-Kings XI Punjab
id is:-419118
date is:-2010-03-20
venue is:-Sardar Patel Stadium, Motera
team 1 is:-Rajasthan Royals
team 2 is:-Kolkata Knight Riders
id is:-419119
date is:-2010-03-20
venue is:-Brabourne Stadium
team 1 is:-Mumbai Indians
team 2 is:-Royal Challengers Bangalore
id is:-419120
date is:-2010-03-21
venue is:-Barabati Stadium
team 1 is:-Deccan Chargers
team 2 is:-Delhi Capitals
id is:-419121
date is:-2010-03-21
venue is:-MA Chidambaram Stadium, Chepauk
team 1 is:-Kings XI Punjab
team 2 is:-Chennai Super Kings
id is:-419122
date is:-2010-03-22
venue is:-Brabourne Stadium
team 1 is:-Kolkata Knight Riders
team 2 is:-Mumbai Indians
id is:-419123
date is:-2010-03-23
venue is:-M Chinnaswamy Stadium
team 1 is:-Royal Challengers Bangalore
team 2 is:-Chennai Super Kings
id is:-419124
date is:-2010-03-24
venue is:-Punjab Cricket Association Stadium, Mohali
team 1 is:-Rajasthan Royals
team 2 is:-Kings XI Punjab
id is:-419125
date is:-2010-03-25
venue is:-Brabourne Stadium, Mumbai
team 1 is:-Chennai Super Kings
team 2 is:-Mumbai Indians
id is:-419126
date is:-2010-03-26
venue is:-Sardar Patel Stadium, Motera
team 1 is:-Deccan Chargers
team 2 is:-Rajasthan Royals
id is:-419127
date is:-2010-03-27
venue is:-Punjab Cricket Association Stadium, Mohali
team 1 is:-Kolkata Knight Riders
team 2 is:-Kings XI Punjab
id is:-419128
date is:-2010-03-25
venue is:-M Chinnaswamy Stadium
team 1 is:-Delhi Capitals
team 2 is:-Royal Challengers Bangalore
id is:-419129
date is:-2010-03-28
venue is:-Sardar Patel Stadium, Motera
team 1 is:-Rajasthan Royals
team 2 is:-Chennai Super Kings
id is:-419130
date is:-2010-03-28
venue is:-Dr DY Patil Sports Academy
team 1 is:-Mumbai Indians
team 2 is:-Deccan Chargers
id is:-419131
date is:-2010-03-29
venue is:-Feroz Shah Kotla
team 1 is:-Delhi Capitals
team 2 is:-Kolkata Knight Riders
id is:-419132
date is:-2010-03-30
venue is:-Brabourne Stadium
team 1 is:-Kings XI Punjab
team 2 is:-Mumbai Indians
id is:-419133
date is:-2010-03-31
venue is:-MA Chidambaram Stadium, Chepauk
team 1 is:-Royal Challengers Bangalore
team 2 is:-Chennai Super Kings
id is:-419134
date is:-2010-03-31
venue is:-Feroz Shah Kotla
team 1 is:-Delhi Capitals
team 2 is:-Rajasthan Royals
id is:-419135
date is:-2010-04-01
venue is:-Eden Gardens
team 1 is:-Kolkata Knight Riders
team 2 is:-Deccan Chargers
id is:-419136
date is:-2010-04-02
venue is:-Punjab Cricket Association Stadium, Mohali
team 1 is:-Kings XI Punjab
team 2 is:-Royal Challengers Bangalore
id is:-419137
date is:-2010-04-03
venue is:-MA Chidambaram Stadium, Chepauk
team 1 is:-Chennai Super Kings
team 2 is:-Rajasthan Royals
id is:-419138
date is:-2010-04-03
venue is:-Brabourne Stadium
team 1 is:-Mumbai Indians
team 2 is:-Deccan Chargers
id is:-419139
date is:-2010-04-04
venue is:-Eden Gardens
team 1 is:-Kolkata Knight Riders
team 2 is:-Kings XI Punjab
id is:-419140
date is:-2010-04-04
venue is:-Feroz Shah Kotla
team 1 is:-Delhi Capitals
team 2 is:-Royal Challengers Bangalore
id is:-419141
date is:-2010-04-05
venue is:-Vidarbha Cricket Association Stadium, Jamtha
team 1 is:-Rajasthan Royals
team 2 is:-Deccan Chargers
id is:-419142
date is:-2010-04-06
venue is:-MA Chidambaram Stadium, Chepauk
team 1 is:-Chennai Super Kings
team 2 is:-Mumbai Indians
id is:-419143
date is:-2010-04-07
venue is:-Sawai Mansingh Stadium
team 1 is:-Kings XI Punjab
team 2 is:-Rajasthan Royals
id is:-419144
date is:-2010-04-07
venue is:-Eden Gardens
team 1 is:-Kolkata Knight Riders
team 2 is:-Delhi Capitals
id is:-419145
date is:-2010-04-08
venue is:-M Chinnaswamy Stadium
team 1 is:-Royal Challengers Bangalore
team 2 is:-Deccan Chargers
id is:-419146
date is:-2010-04-09
venue is:-Punjab Cricket Association Stadium, Mohali
team 1 is:-Mumbai Indians
team 2 is:-Kings XI Punjab
id is:-419147
date is:-2010-04-10
venue is:-Vidarbha Cricket Association Stadium, Jamtha
team 1 is:-Chennai Super Kings
team 2 is:-Deccan Chargers
id is:-419148
date is:-2010-04-10
venue is:-M Chinnaswamy Stadium
team 1 is:-Kolkata Knight Riders
team 2 is:-Royal Challengers Bangalore
id is:-419149
date is:-2010-04-11
venue is:-Feroz Shah Kotla
team 1 is:-Delhi Capitals
team 2 is:-Kings XI Punjab
id is:-419150
date is:-2010-04-11
venue is:-Sawai Mansingh Stadium
team 1 is:-Mumbai Indians
team 2 is:-Rajasthan Royals
id is:-419151
date is:-2010-04-12
venue is:-Vidarbha Cricket Association Stadium, Jamtha
team 1 is:-Deccan Chargers
team 2 is:-Royal Challengers Bangalore
id is:-419152
date is:-2010-04-13
venue is:-Brabourne Stadium
team 1 is:-Mumbai Indians
team 2 is:-Delhi Capitals
id is:-419153
date is:-2010-04-13
venue is:-MA Chidambaram Stadium, Chepauk
team 1 is:-Kolkata Knight Riders
team 2 is:-Chennai Super Kings
id is:-419154
date is:-2010-04-14
venue is:-Sawai Mansingh Stadium
team 1 is:-Rajasthan Royals
team 2 is:-Royal Challengers Bangalore
id is:-419155
date is:-2010-04-15
venue is:-MA Chidambaram Stadium, Chepauk
team 1 is:-Chennai Super Kings
team 2 is:-Delhi Capitals
id is:-419156
date is:-2010-04-16
venue is:-Himachal Pradesh Cricket Association Stadium
team 1 is:-Kings XI Punjab
team 2 is:-Deccan Chargers
id is:-419157
date is:-2010-04-17
venue is:-M Chinnaswamy Stadium
team 1 is:-Mumbai Indians
team 2 is:-Royal Challengers Bangalore
id is:-419158
date is:-2010-04-17
venue is:-Eden Gardens
team 1 is:-Rajasthan Royals
team 2 is:-Kolkata Knight Riders
id is:-419159
date is:-2010-04-18
venue is:-Himachal Pradesh Cricket Association Stadium
team 1 is:-Kings XI Punjab
team 2 is:-Chennai Super Kings
id is:-419160
date is:-2010-04-18
venue is:-Feroz Shah Kotla
team 1 is:-Deccan Chargers
team 2 is:-Delhi Capitals
id is:-419161
date is:-2010-04-19
venue is:-Eden Gardens
team 1 is:-Mumbai Indians
team 2 is:-Kolkata Knight Riders
id is:-419162
date is:-2010-04-21
venue is:-Dr DY Patil Sports Academy
team 1 is:-Mumbai Indians
team 2 is:-Royal Challengers Bangalore
id is:-419163
date is:-2010-04-22
venue is:-Dr DY Patil Sports Academy
team 1 is:-Chennai Super Kings
team 2 is:-Deccan Chargers
id is:-419164
date is:-2010-04-24
venue is:-Dr DY Patil Sports Academy
team 1 is:-Deccan Chargers
team 2 is:-Royal Challengers Bangalore
id is:-419165
date is:-2010-04-25
venue is:-Dr DY Patil Sports Academy
team 1 is:-Chennai Super Kings
team 2 is:-Mumbai Indians
id is:-501198
date is:-2011-04-08
venue is:-MA Chidambaram Stadium, Chepauk
team 1 is:-Chennai Super Kings
team 2 is:-Kolkata Knight Riders
id is:-501199
date is:-2011-04-09
venue is:-Rajiv Gandhi International Stadium, Uppal
team 1 is:-Deccan Chargers
team 2 is:-Rajasthan Royals
id is:-501200
date is:-2011-04-09
venue is:-Nehru Stadium
team 1 is:-Kochi Tuskers Kerala
team 2 is:-Royal Challengers Bangalore
id is:-501201
date is:-2011-04-10
venue is:-Feroz Shah Kotla
team 1 is:-Delhi Capitals
team 2 is:-Mumbai Indians
id is:-501202
date is:-2011-04-10
venue is:-Dr DY Patil Sports Academy
team 1 is:-Kings XI Punjab
team 2 is:-Pune Warriors
id is:-501203
date is:-2011-04-11
venue is:-Eden Gardens
team 1 is:-Kolkata Knight Riders
team 2 is:-Deccan Chargers
id is:-501204
date is:-2011-04-12
venue is:-Sawai Mansingh Stadium
team 1 is:-Delhi Capitals
team 2 is:-Rajasthan Royals
id is:-501205
date is:-2011-04-12
venue is:-M Chinnaswamy Stadium
team 1 is:-Royal Challengers Bangalore
team 2 is:-Mumbai Indians
id is:-501206
date is:-2011-04-13
venue is:-Punjab Cricket Association Stadium, Mohali
team 1 is:-Chennai Super Kings
team 2 is:-Kings XI Punjab
id is:-501207
date is:-2011-04-13
venue is:-Dr DY Patil Sports Academy
team 1 is:-Kochi Tuskers Kerala
team 2 is:-Pune Warriors
id is:-501208
date is:-2011-04-14
venue is:-Rajiv Gandhi International Stadium, Uppal
team 1 is:-Deccan Chargers
team 2 is:-Royal Challengers Bangalore
id is:-501209
date is:-2011-04-15
venue is:-Sawai Mansingh Stadium
team 1 is:-Rajasthan Royals
team 2 is:-Kolkata Knight Riders
id is:-501210
date is:-2011-04-15
venue is:-Wankhede Stadium
team 1 is:-Mumbai Indians
team 2 is:-Kochi Tuskers Kerala
id is:-501211
date is:-2011-04-16
venue is:-MA Chidambaram Stadium, Chepauk
team 1 is:-Chennai Super Kings
team 2 is:-Royal Challengers Bangalore
id is:-501212
date is:-2011-04-16
venue is:-Rajiv Gandhi International Stadium, Uppal
team 1 is:-Deccan Chargers
team 2 is:-Kings XI Punjab
id is:-501213
date is:-2011-04-17
venue is:-Dr DY Patil Sports Academy
team 1 is:-Pune Warriors
team 2 is:-Delhi Capitals
id is:-501214
date is:-2011-04-17
venue is:-Eden Gardens
team 1 is:-Rajasthan Royals
team 2 is:-Kolkata Knight Riders
id is:-501215
date is:-2011-04-18
venue is:-Nehru Stadium
team 1 is:-Chennai Super Kings
team 2 is:-Kochi Tuskers Kerala
id is:-501216
date is:-2011-04-19
venue is:-Feroz Shah Kotla
team 1 is:-Deccan Chargers
team 2 is:-Delhi Capitals
id is:-501218
date is:-2011-04-20
venue is:-Wankhede Stadium
team 1 is:-Pune Warriors
team 2 is:-Mumbai Indians
id is:-501219
date is:-2011-04-20
venue is:-Eden Gardens
team 1 is:-Kochi Tuskers Kerala
team 2 is:-Kolkata Knight Riders
id is:-501220
date is:-2011-04-21
venue is:-Punjab Cricket Association Stadium, Mohali
team 1 is:-Kings XI Punjab
team 2 is:-Rajasthan Royals
id is:-501221
date is:-2011-04-22
venue is:-Wankhede Stadium
team 1 is:-Mumbai Indians
team 2 is:-Chennai Super Kings
id is:-501222
date is:-2011-04-22
venue is:-Eden Gardens
team 1 is:-Kolkata Knight Riders
team 2 is:-Royal Challengers Bangalore
id is:-501223
date is:-2011-04-23
venue is:-Feroz Shah Kotla
team 1 is:-Delhi Capitals
team 2 is:-Kings XI Punjab
id is:-501224
date is:-2011-04-24
venue is:-Rajiv Gandhi International Stadium, Uppal
team 1 is:-Mumbai Indians
team 2 is:-Deccan Chargers
id is:-501225
date is:-2011-04-24
venue is:-Sawai Mansingh Stadium
team 1 is:-Kochi Tuskers Kerala
team 2 is:-Rajasthan Royals
id is:-501226
date is:-2011-04-25
venue is:-MA Chidambaram Stadium, Chepauk
team 1 is:-Chennai Super Kings
team 2 is:-Pune Warriors
id is:-501227
date is:-2011-04-26
venue is:-Feroz Shah Kotla
team 1 is:-Delhi Capitals
team 2 is:-Royal Challengers Bangalore
id is:-501228
date is:-2011-04-27
venue is:-Dr DY Patil Sports Academy
team 1 is:-Pune Warriors
team 2 is:-Chennai Super Kings
id is:-501229
date is:-2011-04-27
venue is:-Nehru Stadium
team 1 is:-Deccan Chargers
team 2 is:-Kochi Tuskers Kerala
id is:-501230
date is:-2011-04-28
venue is:-Feroz Shah Kotla
team 1 is:-Kolkata Knight Riders
team 2 is:-Delhi Capitals
id is:-501231
date is:-2011-04-29
venue is:-Sawai Mansingh Stadium
team 1 is:-Mumbai Indians
team 2 is:-Rajasthan Royals
id is:-501232
date is:-2011-04-29
venue is:-M Chinnaswamy Stadium
team 1 is:-Royal Challengers Bangalore
team 2 is:-Pune Warriors
id is:-501233
date is:-2011-04-30
venue is:-Nehru Stadium
team 1 is:-Delhi Capitals
team 2 is:-Kochi Tuskers Kerala
id is:-501234
date is:-2011-04-30
venue is:-Eden Gardens
team 1 is:-Kings XI Punjab
team 2 is:-Kolkata Knight Riders
id is:-501235
date is:-2011-05-01
venue is:-Sawai Mansingh Stadium
team 1 is:-Pune Warriors
team 2 is:-Rajasthan Royals
id is:-501236
date is:-2011-05-01
venue is:-MA Chidambaram Stadium, Chepauk
team 1 is:-Chennai Super Kings
team 2 is:-Deccan Chargers
id is:-501237
date is:-2011-05-02
venue is:-Wankhede Stadium
team 1 is:-Mumbai Indians
team 2 is:-Kings XI Punjab
id is:-501238
date is:-2011-05-02
venue is:-Feroz Shah Kotla
team 1 is:-Delhi Capitals
team 2 is:-Kochi Tuskers Kerala
id is:-501239
date is:-2011-05-03
venue is:-Rajiv Gandhi International Stadium, Uppal
team 1 is:-Kolkata Knight Riders
team 2 is:-Deccan Chargers
id is:-501240
date is:-2011-05-04
venue is:-MA Chidambaram Stadium, Chepauk
team 1 is:-Rajasthan Royals
team 2 is:-Chennai Super Kings
id is:-501241
date is:-2011-05-04
venue is:-Dr DY Patil Sports Academy
team 1 is:-Mumbai Indians
team 2 is:-Pune Warriors
id is:-501242
date is:-2011-05-05
venue is:-Nehru Stadium
team 1 is:-Kochi Tuskers Kerala
team 2 is:-Kolkata Knight Riders
id is:-501243
date is:-2011-05-05
venue is:-Rajiv Gandhi International Stadium, Uppal
team 1 is:-Deccan Chargers
team 2 is:-Delhi Capitals
id is:-501244
date is:-2011-05-06
venue is:-M Chinnaswamy Stadium
team 1 is:-Royal Challengers Bangalore
team 2 is:-Kings XI Punjab
id is:-501245
date is:-2011-05-07
venue is:-Eden Gardens
team 1 is:-Chennai Super Kings
team 2 is:-Kolkata Knight Riders
id is:-501246
date is:-2011-05-07
venue is:-Wankhede Stadium
team 1 is:-Mumbai Indians
team 2 is:-Delhi Capitals
id is:-501247
date is:-2011-05-08
venue is:-M Chinnaswamy Stadium
team 1 is:-Kochi Tuskers Kerala
team 2 is:-Royal Challengers Bangalore
id is:-501248
date is:-2011-05-08
venue is:-Punjab Cricket Association Stadium, Mohali
team 1 is:-Kings XI Punjab
team 2 is:-Pune Warriors
id is:-501249
date is:-2011-05-09
venue is:-Sawai Mansingh Stadium
team 1 is:-Chennai Super Kings
team 2 is:-Rajasthan Royals
id is:-501250
date is:-2011-05-10
venue is:-Rajiv Gandhi International Stadium, Uppal
team 1 is:-Deccan Chargers
team 2 is:-Pune Warriors
id is:-501251
date is:-2011-05-10
venue is:-Punjab Cricket Association Stadium, Mohali
team 1 is:-Kings XI Punjab
team 2 is:-Mumbai Indians
id is:-501252
date is:-2011-05-11
venue is:-Sawai Mansingh Stadium
team 1 is:-Rajasthan Royals
team 2 is:-Royal Challengers Bangalore
id is:-501253
date is:-2011-05-12
venue is:-MA Chidambaram Stadium, Chepauk
team 1 is:-Chennai Super Kings
team 2 is:-Delhi Capitals
id is:-501254
date is:-2011-05-13
venue is:-Holkar Cricket Stadium
team 1 is:-Kochi Tuskers Kerala
team 2 is:-Kings XI Punjab
id is:-501255
date is:-2011-05-14
venue is:-M Chinnaswamy Stadium
team 1 is:-Kolkata Knight Riders
team 2 is:-Royal Challengers Bangalore
id is:-501256
date is:-2011-05-14
venue is:-Wankhede Stadium
team 1 is:-Deccan Chargers
team 2 is:-Mumbai Indians
id is:-501257
date is:-2011-05-15
venue is:-Himachal Pradesh Cricket Association Stadium
team 1 is:-Kings XI Punjab
team 2 is:-Delhi Capitals
id is:-501258
date is:-2011-05-15
venue is:-Holkar Cricket Stadium
team 1 is:-Rajasthan Royals
team 2 is:-Kochi Tuskers Kerala
id is:-501259
date is:-2011-05-16
venue is:-Dr DY Patil Sports Academy
team 1 is:-Pune Warriors
team 2 is:-Deccan Chargers
id is:-501260
date is:-2011-05-17
venue is:-Himachal Pradesh Cricket Association Stadium
team 1 is:-Kings XI Punjab
team 2 is:-Royal Challengers Bangalore
id is:-501261
date is:-2011-05-18
venue is:-MA Chidambaram Stadium, Chepauk
team 1 is:-Chennai Super Kings
team 2 is:-Kochi Tuskers Kerala
id is:-501262
date is:-2011-05-19
venue is:-Dr DY Patil Sports Academy
team 1 is:-Pune Warriors
team 2 is:-Kolkata Knight Riders
id is:-501263
date is:-2011-05-20
venue is:-Wankhede Stadium
team 1 is:-Mumbai Indians
team 2 is:-Rajasthan Royals
id is:-501264
date is:-2011-05-21
venue is:-Himachal Pradesh Cricket Association Stadium
team 1 is:-Deccan Chargers
team 2 is:-Kings XI Punjab
id is:-501265
date is:-2011-05-21
venue is:-Feroz Shah Kotla
team 1 is:-Delhi Capitals
team 2 is:-Pune Warriors
id is:-501266
date is:-2011-05-22
venue is:-M Chinnaswamy Stadium
team 1 is:-Chennai Super Kings
team 2 is:-Royal Challengers Bangalore
id is:-501267
date is:-2011-05-22
venue is:-Eden Gardens
team 1 is:-Kolkata Knight Riders
team 2 is:-Mumbai Indians
id is:-501268
date is:-2011-05-24
venue is:-Wankhede Stadium
team 1 is:-Royal Challengers Bangalore
team 2 is:-Chennai Super Kings
id is:-501269
date is:-2011-05-25
venue is:-Wankhede Stadium
team 1 is:-Kolkata Knight Riders
team 2 is:-Mumbai Indians
id is:-501270
date is:-2011-05-27
venue is:-MA Chidambaram Stadium, Chepauk
team 1 is:-Royal Challengers Bangalore
team 2 is:-Mumbai Indians
id is:-501271
date is:-2011-05-28
venue is:-MA Chidambaram Stadium, Chepauk
team 1 is:-Chennai Super Kings
team 2 is:-Royal Challengers Bangalore
id is:-548306
date is:-2012-04-04
venue is:-MA Chidambaram Stadium, Chepauk
team 1 is:-Chennai Super Kings
team 2 is:-Mumbai Indians
id is:-548307
date is:-2012-04-05
venue is:-Eden Gardens
team 1 is:-Kolkata Knight Riders
team 2 is:-Delhi Capitals
id is:-548308
date is:-2012-04-06
venue is:-Wankhede Stadium
team 1 is:-Pune Warriors
team 2 is:-Mumbai Indians
id is:-548309
date is:-2012-04-06
venue is:-Sawai Mansingh Stadium
team 1 is:-Rajasthan Royals
team 2 is:-Kings XI Punjab
id is:-548310
date is:-2012-04-07
venue is:-M Chinnaswamy Stadium
team 1 is:-Royal Challengers Bangalore
team 2 is:-Delhi Capitals
id is:-548311
date is:-2012-04-07
venue is:-Dr. Y.S. Rajasekhara Reddy ACA-VDCA Cricket Stadium
team 1 is:-Chennai Super Kings
team 2 is:-Deccan Chargers
id is:-548312
date is:-2012-04-08
venue is:-Sawai Mansingh Stadium
team 1 is:-Rajasthan Royals
team 2 is:-Kolkata Knight Riders
id is:-548313
date is:-2012-04-08
venue is:-Subrata Roy Sahara Stadium
team 1 is:-Pune Warriors
team 2 is:-Kings XI Punjab
id is:-548314
date is:-2012-04-09
venue is:-Dr. Y.S. Rajasekhara Reddy ACA-VDCA Cricket Stadium
team 1 is:-Deccan Chargers
team 2 is:-Mumbai Indians
id is:-548315
date is:-2012-04-10
venue is:-M Chinnaswamy Stadium
team 1 is:-Kolkata Knight Riders
team 2 is:-Royal Challengers Bangalore
id is:-548316
date is:-2012-04-10
venue is:-Feroz Shah Kotla
team 1 is:-Chennai Super Kings
team 2 is:-Delhi Capitals
id is:-548317
date is:-2012-04-11
venue is:-Wankhede Stadium
team 1 is:-Mumbai Indians
team 2 is:-Rajasthan Royals
id is:-548318
date is:-2012-04-12
venue is:-MA Chidambaram Stadium, Chepauk
team 1 is:-Royal Challengers Bangalore
team 2 is:-Chennai Super Kings
id is:-548319
date is:-2012-04-12
venue is:-Punjab Cricket Association Stadium, Mohali
team 1 is:-Pune Warriors
team 2 is:-Kings XI Punjab
id is:-548320
date is:-2012-04-13
venue is:-Eden Gardens
team 1 is:-Rajasthan Royals
team 2 is:-Kolkata Knight Riders
id is:-548321
date is:-2012-04-19
venue is:-Feroz Shah Kotla
team 1 is:-Deccan Chargers
team 2 is:-Delhi Capitals
id is:-548322
date is:-2012-04-14
venue is:-Subrata Roy Sahara Stadium
team 1 is:-Chennai Super Kings
team 2 is:-Pune Warriors
id is:-548323
date is:-2012-04-15
venue is:-Eden Gardens
team 1 is:-Kings XI Punjab
team 2 is:-Kolkata Knight Riders
id is:-548324
date is:-2012-04-15
venue is:-M Chinnaswamy Stadium
team 1 is:-Rajasthan Royals
team 2 is:-Royal Challengers Bangalore
id is:-548325
date is:-2012-04-16
venue is:-Wankhede Stadium
team 1 is:-Mumbai Indians
team 2 is:-Delhi Capitals
id is:-548326
date is:-2012-04-17
venue is:-Sawai Mansingh Stadium
team 1 is:-Deccan Chargers
team 2 is:-Rajasthan Royals
id is:-548327
date is:-2012-04-17
venue is:-M Chinnaswamy Stadium
team 1 is:-Pune Warriors
team 2 is:-Royal Challengers Bangalore
id is:-548328
date is:-2012-04-18
venue is:-Punjab Cricket Association Stadium, Mohali
team 1 is:-Kings XI Punjab
team 2 is:-Kolkata Knight Riders
id is:-548329
date is:-2012-05-10
venue is:-Rajiv Gandhi International Stadium, Uppal
team 1 is:-Deccan Chargers
team 2 is:-Delhi Capitals
id is:-548330
date is:-2012-04-19
venue is:-MA Chidambaram Stadium, Chepauk
team 1 is:-Chennai Super Kings
team 2 is:-Pune Warriors
id is:-548331
date is:-2012-04-20
venue is:-Punjab Cricket Association Stadium, Mohali
team 1 is:-Kings XI Punjab
team 2 is:-Royal Challengers Bangalore
id is:-548332
date is:-2012-04-21
venue is:-MA Chidambaram Stadium, Chepauk
team 1 is:-Rajasthan Royals
team 2 is:-Chennai Super Kings
id is:-548333
date is:-2012-04-21
venue is:-Feroz Shah Kotla
team 1 is:-Pune Warriors
team 2 is:-Delhi Capitals
id is:-548334
date is:-2012-04-22
venue is:-Wankhede Stadium
team 1 is:-Mumbai Indians
team 2 is:-Kings XI Punjab
id is:-548335
date is:-2012-04-22
venue is:-Barabati Stadium
team 1 is:-Deccan Chargers
team 2 is:-Kolkata Knight Riders
id is:-548336
date is:-2012-04-23
venue is:-Sawai Mansingh Stadium
team 1 is:-Royal Challengers Bangalore
team 2 is:-Rajasthan Royals
id is:-548337
date is:-2012-04-24
venue is:-Subrata Roy Sahara Stadium
team 1 is:-Pune Warriors
team 2 is:-Delhi Capitals
id is:-548339
date is:-2012-04-25
venue is:-Punjab Cricket Association Stadium, Mohali
team 1 is:-Kings XI Punjab
team 2 is:-Mumbai Indians
id is:-548341
date is:-2012-04-26
venue is:-Subrata Roy Sahara Stadium
team 1 is:-Deccan Chargers
team 2 is:-Pune Warriors
id is:-548342
date is:-2012-04-27
venue is:-Feroz Shah Kotla
team 1 is:-Delhi Capitals
team 2 is:-Mumbai Indians
id is:-548343
date is:-2012-04-28
venue is:-MA Chidambaram Stadium, Chepauk
team 1 is:-Kings XI Punjab
team 2 is:-Chennai Super Kings
id is:-548344
date is:-2012-04-28
venue is:-Eden Gardens
team 1 is:-Kolkata Knight Riders
team 2 is:-Royal Challengers Bangalore
id is:-548345
date is:-2012-04-29
venue is:-Feroz Shah Kotla
team 1 is:-Delhi Capitals
team 2 is:-Rajasthan Royals
id is:-548346
date is:-2012-04-29
venue is:-Wankhede Stadium
team 1 is:-Deccan Chargers
team 2 is:-Mumbai Indians
id is:-548347
date is:-2012-04-30
venue is:-MA Chidambaram Stadium, Chepauk
team 1 is:-Chennai Super Kings
team 2 is:-Kolkata Knight Riders
id is:-548348
date is:-2012-05-01
venue is:-Barabati Stadium
team 1 is:-Deccan Chargers
team 2 is:-Pune Warriors
id is:-548349
date is:-2012-05-01
venue is:-Sawai Mansingh Stadium
team 1 is:-Rajasthan Royals
team 2 is:-Delhi Capitals
id is:-548350
date is:-2012-05-02
venue is:-M Chinnaswamy Stadium
team 1 is:-Royal Challengers Bangalore
team 2 is:-Kings XI Punjab
id is:-548351
date is:-2012-05-03
venue is:-Subrata Roy Sahara Stadium
team 1 is:-Mumbai Indians
team 2 is:-Pune Warriors
id is:-548352
date is:-2012-05-04
venue is:-MA Chidambaram Stadium, Chepauk
team 1 is:-Chennai Super Kings
team 2 is:-Deccan Chargers
id is:-548353
date is:-2012-05-05
venue is:-Eden Gardens
team 1 is:-Kolkata Knight Riders
team 2 is:-Pune Warriors
id is:-548354
date is:-2012-05-05
venue is:-Punjab Cricket Association Stadium, Mohali
team 1 is:-Rajasthan Royals
team 2 is:-Kings XI Punjab
id is:-548355
date is:-2012-05-06
venue is:-Wankhede Stadium
team 1 is:-Chennai Super Kings
team 2 is:-Mumbai Indians
id is:-548356
date is:-2012-05-06
venue is:-M Chinnaswamy Stadium
team 1 is:-Deccan Chargers
team 2 is:-Royal Challengers Bangalore
id is:-548357
date is:-2012-05-07
venue is:-Feroz Shah Kotla
team 1 is:-Delhi Capitals
team 2 is:-Kolkata Knight Riders
id is:-548358
date is:-2012-05-08
venue is:-Subrata Roy Sahara Stadium
team 1 is:-Pune Warriors
team 2 is:-Rajasthan Royals
id is:-548359
date is:-2012-05-08
venue is:-Rajiv Gandhi International Stadium, Uppal
team 1 is:-Kings XI Punjab
team 2 is:-Deccan Chargers
id is:-548360
date is:-2012-05-09
venue is:-Wankhede Stadium
team 1 is:-Mumbai Indians
team 2 is:-Royal Challengers Bangalore
id is:-548361
date is:-2012-05-10
venue is:-Sawai Mansingh Stadium
team 1 is:-Rajasthan Royals
team 2 is:-Chennai Super Kings
id is:-548362
date is:-2012-05-11
venue is:-Subrata Roy Sahara Stadium
team 1 is:-Royal Challengers Bangalore
team 2 is:-Pune Warriors
id is:-548363
date is:-2012-05-12
venue is:-Eden Gardens
team 1 is:-Mumbai Indians
team 2 is:-Kolkata Knight Riders
id is:-548364
date is:-2012-05-12
venue is:-MA Chidambaram Stadium, Chepauk
team 1 is:-Delhi Capitals
team 2 is:-Chennai Super Kings
id is:-548365
date is:-2012-05-13
venue is:-Sawai Mansingh Stadium
team 1 is:-Rajasthan Royals
team 2 is:-Pune Warriors
id is:-548366
date is:-2012-05-13
venue is:-Punjab Cricket Association Stadium, Mohali
team 1 is:-Deccan Chargers
team 2 is:-Kings XI Punjab
id is:-548367
date is:-2012-05-14
venue is:-M Chinnaswamy Stadium
team 1 is:-Royal Challengers Bangalore
team 2 is:-Mumbai Indians
id is:-548368
date is:-2012-05-14
venue is:-Eden Gardens
team 1 is:-Kolkata Knight Riders
team 2 is:-Chennai Super Kings
id is:-548369
date is:-2012-05-15
venue is:-Feroz Shah Kotla
team 1 is:-Kings XI Punjab
team 2 is:-Delhi Capitals
id is:-548370
date is:-2012-05-16
venue is:-Wankhede Stadium
team 1 is:-Kolkata Knight Riders
team 2 is:-Mumbai Indians
id is:-548371
date is:-2012-05-17
venue is:-Himachal Pradesh Cricket Association Stadium
team 1 is:-Chennai Super Kings
team 2 is:-Kings XI Punjab
id is:-548372
date is:-2012-05-17
venue is:-Feroz Shah Kotla
team 1 is:-Royal Challengers Bangalore
team 2 is:-Delhi Capitals
id is:-548373
date is:-2012-05-18
venue is:-Rajiv Gandhi International Stadium, Uppal
team 1 is:-Rajasthan Royals
team 2 is:-Deccan Chargers
id is:-548374
date is:-2012-05-19
venue is:-Himachal Pradesh Cricket Association Stadium
team 1 is:-Kings XI Punjab
team 2 is:-Delhi Capitals
id is:-548375
date is:-2012-05-19
venue is:-Subrata Roy Sahara Stadium
team 1 is:-Kolkata Knight Riders
team 2 is:-Pune Warriors
id is:-548376
date is:-2012-05-20
venue is:-Rajiv Gandhi International Stadium, Uppal
team 1 is:-Deccan Chargers
team 2 is:-Royal Challengers Bangalore
id is:-548377
date is:-2012-05-20
venue is:-Sawai Mansingh Stadium
team 1 is:-Rajasthan Royals
team 2 is:-Mumbai Indians
id is:-548378
date is:-2012-05-22
venue is:-Subrata Roy Sahara Stadium
team 1 is:-Kolkata Knight Riders
team 2 is:-Delhi Capitals
id is:-548379
date is:-2012-05-23
venue is:-M Chinnaswamy Stadium
team 1 is:-Chennai Super Kings
team 2 is:-Mumbai Indians
id is:-548380
date is:-2012-05-25
venue is:-MA Chidambaram Stadium, Chepauk
team 1 is:-Chennai Super Kings
team 2 is:-Delhi Capitals
id is:-548381
date is:-2012-05-27
venue is:-MA Chidambaram Stadium, Chepauk
team 1 is:-Chennai Super Kings
team 2 is:-Kolkata Knight Riders
id is:-597998
date is:-2013-04-03
venue is:-Eden Gardens
team 1 is:-Delhi Capitals
team 2 is:-Kolkata Knight Riders
id is:-597999
date is:-2013-04-04
venue is:-M Chinnaswamy Stadium
team 1 is:-Royal Challengers Bangalore
team 2 is:-Mumbai Indians
id is:-598000
date is:-2013-04-05
venue is:-Rajiv Gandhi International Stadium, Uppal
team 1 is:-Sunrisers Hyderabad
team 2 is:-Pune Warriors
id is:-598001
date is:-2013-04-06
venue is:-Feroz Shah Kotla
team 1 is:-Rajasthan Royals
team 2 is:-Delhi Capitals
id is:-598002
date is:-2013-04-06
venue is:-MA Chidambaram Stadium, Chepauk
team 1 is:-Mumbai Indians
team 2 is:-Chennai Super Kings
id is:-598003
date is:-2013-04-07
venue is:-Subrata Roy Sahara Stadium
team 1 is:-Pune Warriors
team 2 is:-Kings XI Punjab
id is:-598004
date is:-2013-04-07
venue is:-Rajiv Gandhi International Stadium, Uppal
team 1 is:-Royal Challengers Bangalore
team 2 is:-Sunrisers Hyderabad
id is:-598005
date is:-2013-04-08
venue is:-Sawai Mansingh Stadium
team 1 is:-Rajasthan Royals
team 2 is:-Kolkata Knight Riders
id is:-598006
date is:-2013-04-09
venue is:-Wankhede Stadium
team 1 is:-Mumbai Indians
team 2 is:-Delhi Capitals
id is:-598007
date is:-2013-04-10
venue is:-Punjab Cricket Association Stadium, Mohali
team 1 is:-Kings XI Punjab
team 2 is:-Chennai Super Kings
id is:-598008
date is:-2013-04-11
venue is:-M Chinnaswamy Stadium
team 1 is:-Kolkata Knight Riders
team 2 is:-Royal Challengers Bangalore
id is:-598009
date is:-2013-04-11
venue is:-Subrata Roy Sahara Stadium
team 1 is:-Rajasthan Royals
team 2 is:-Pune Warriors
id is:-598010
date is:-2013-04-12
venue is:-Feroz Shah Kotla
team 1 is:-Delhi Capitals
team 2 is:-Sunrisers Hyderabad
id is:-598011
date is:-2013-04-13
venue is:-Wankhede Stadium
team 1 is:-Mumbai Indians
team 2 is:-Pune Warriors
id is:-598012
date is:-2013-04-13
venue is:-MA Chidambaram Stadium, Chepauk
team 1 is:-Royal Challengers Bangalore
team 2 is:-Chennai Super Kings
id is:-598013
date is:-2013-04-14
venue is:-Eden Gardens
team 1 is:-Kolkata Knight Riders
team 2 is:-Sunrisers Hyderabad
id is:-598014
date is:-2013-04-14
venue is:-Sawai Mansingh Stadium
team 1 is:-Kings XI Punjab
team 2 is:-Rajasthan Royals
id is:-598015
date is:-2013-04-15
venue is:-MA Chidambaram Stadium, Chepauk
team 1 is:-Pune Warriors
team 2 is:-Chennai Super Kings
id is:-598016
date is:-2013-04-16
venue is:-Punjab Cricket Association Stadium, Mohali
team 1 is:-Kings XI Punjab
team 2 is:-Kolkata Knight Riders
id is:-598017
date is:-2013-04-16
venue is:-M Chinnaswamy Stadium
team 1 is:-Delhi Capitals
team 2 is:-Royal Challengers Bangalore
id is:-598018
date is:-2013-04-17
venue is:-Maharashtra Cricket Association Stadium
team 1 is:-Sunrisers Hyderabad
team 2 is:-Pune Warriors
id is:-598019
date is:-2013-04-17
venue is:-Sawai Mansingh Stadium
team 1 is:-Rajasthan Royals
team 2 is:-Mumbai Indians
id is:-598020
date is:-2013-04-18
venue is:-Feroz Shah Kotla
team 1 is:-Chennai Super Kings
team 2 is:-Delhi Capitals
id is:-598021
date is:-2013-04-19
venue is:-Rajiv Gandhi International Stadium, Uppal
team 1 is:-Kings XI Punjab
team 2 is:-Sunrisers Hyderabad
id is:-598022
date is:-2013-04-20
venue is:-Eden Gardens
team 1 is:-Kolkata Knight Riders
team 2 is:-Chennai Super Kings
id is:-598023
date is:-2013-04-20
venue is:-M Chinnaswamy Stadium
team 1 is:-Rajasthan Royals
team 2 is:-Royal Challengers Bangalore
id is:-598024
date is:-2013-04-21
venue is:-Feroz Shah Kotla
team 1 is:-Mumbai Indians
team 2 is:-Delhi Capitals
id is:-598025
date is:-2013-04-21
venue is:-Punjab Cricket Association Stadium, Mohali
team 1 is:-Pune Warriors
team 2 is:-Kings XI Punjab
id is:-598026
date is:-2013-04-22
venue is:-MA Chidambaram Stadium, Chepauk
team 1 is:-Rajasthan Royals
team 2 is:-Chennai Super Kings
id is:-598027
date is:-2013-04-23
venue is:-M Chinnaswamy Stadium
team 1 is:-Royal Challengers Bangalore
team 2 is:-Pune Warriors
id is:-598028
date is:-2013-05-16
venue is:-Himachal Pradesh Cricket Association Stadium
team 1 is:-Kings XI Punjab
team 2 is:-Delhi Capitals
id is:-598029
date is:-2013-04-24
venue is:-Eden Gardens
team 1 is:-Kolkata Knight Riders
team 2 is:-Mumbai Indians
id is:-598030
date is:-2013-04-25
venue is:-MA Chidambaram Stadium, Chepauk
team 1 is:-Sunrisers Hyderabad
team 2 is:-Chennai Super Kings
id is:-598031
date is:-2013-04-26
venue is:-Eden Gardens
team 1 is:-Kings XI Punjab
team 2 is:-Kolkata Knight Riders
id is:-598032
date is:-2013-04-27
venue is:-Sawai Mansingh Stadium
team 1 is:-Sunrisers Hyderabad
team 2 is:-Rajasthan Royals
id is:-598033
date is:-2013-04-27
venue is:-Wankhede Stadium
team 1 is:-Mumbai Indians
team 2 is:-Royal Challengers Bangalore
id is:-598034
date is:-2013-04-28
venue is:-MA Chidambaram Stadium, Chepauk
team 1 is:-Chennai Super Kings
team 2 is:-Kolkata Knight Riders
id is:-598035
date is:-2013-04-28
venue is:-Shaheed Veer Narayan Singh International Stadium
team 1 is:-Delhi Capitals
team 2 is:-Pune Warriors
id is:-598036
date is:-2013-04-29
venue is:-Sawai Mansingh Stadium
team 1 is:-Royal Challengers Bangalore
team 2 is:-Rajasthan Royals
id is:-598037
date is:-2013-04-29
venue is:-Wankhede Stadium
team 1 is:-Mumbai Indians
team 2 is:-Kings XI Punjab
id is:-598038
date is:-2013-04-30
venue is:-Subrata Roy Sahara Stadium
team 1 is:-Chennai Super Kings
team 2 is:-Pune Warriors
id is:-598039
date is:-2013-05-01
venue is:-Rajiv Gandhi International Stadium, Uppal
team 1 is:-Mumbai Indians
team 2 is:-Sunrisers Hyderabad
id is:-598040
date is:-2013-05-01
venue is:-Shaheed Veer Narayan Singh International Stadium
team 1 is:-Kolkata Knight Riders
team 2 is:-Delhi Capitals
id is:-598041
date is:-2013-05-02
venue is:-MA Chidambaram Stadium, Chepauk
team 1 is:-Chennai Super Kings
team 2 is:-Kings XI Punjab
id is:-598042
date is:-2013-05-02
venue is:-Subrata Roy Sahara Stadium
team 1 is:-Royal Challengers Bangalore
team 2 is:-Pune Warriors
id is:-598043
date is:-2013-05-03
venue is:-Eden Gardens
team 1 is:-Rajasthan Royals
team 2 is:-Kolkata Knight Riders
id is:-598044
date is:-2013-05-04
venue is:-Rajiv Gandhi International Stadium, Uppal
team 1 is:-Delhi Capitals
team 2 is:-Sunrisers Hyderabad
id is:-598045
date is:-2013-05-14
venue is:-M Chinnaswamy Stadium
team 1 is:-Royal Challengers Bangalore
team 2 is:-Kings XI Punjab
id is:-598046
date is:-2013-05-05
venue is:-Wankhede Stadium
team 1 is:-Mumbai Indians
team 2 is:-Chennai Super Kings
id is:-598047
date is:-2013-05-05
venue is:-Sawai Mansingh Stadium
team 1 is:-Pune Warriors
team 2 is:-Rajasthan Royals
id is:-598048
date is:-2013-04-09
venue is:-M Chinnaswamy Stadium
team 1 is:-Sunrisers Hyderabad
team 2 is:-Royal Challengers Bangalore
id is:-598049
date is:-2013-05-07
venue is:-Sawai Mansingh Stadium
team 1 is:-Delhi Capitals
team 2 is:-Rajasthan Royals
id is:-598050
date is:-2013-05-07
venue is:-Wankhede Stadium
team 1 is:-Mumbai Indians
team 2 is:-Kolkata Knight Riders
id is:-598051
date is:-2013-05-08
venue is:-Rajiv Gandhi International Stadium, Uppal
team 1 is:-Chennai Super Kings
team 2 is:-Sunrisers Hyderabad
id is:-598052
date is:-2013-05-09
venue is:-Punjab Cricket Association Stadium, Mohali
team 1 is:-Kings XI Punjab
team 2 is:-Rajasthan Royals
id is:-598053
date is:-2013-05-09
venue is:-Subrata Roy Sahara Stadium
team 1 is:-Kolkata Knight Riders
team 2 is:-Pune Warriors
id is:-598054
date is:-2013-05-10
venue is:-Feroz Shah Kotla
team 1 is:-Royal Challengers Bangalore
team 2 is:-Delhi Capitals
id is:-598055
date is:-2013-05-11
venue is:-Subrata Roy Sahara Stadium
team 1 is:-Pune Warriors
team 2 is:-Mumbai Indians
id is:-598056
date is:-2013-05-11
venue is:-Punjab Cricket Association Stadium, Mohali
team 1 is:-Sunrisers Hyderabad
team 2 is:-Kings XI Punjab
id is:-598057
date is:-2013-05-12
venue is:-JSCA International Stadium Complex
team 1 is:-Royal Challengers Bangalore
team 2 is:-Kolkata Knight Riders
id is:-598058
date is:-2013-05-12
venue is:-Sawai Mansingh Stadium
team 1 is:-Chennai Super Kings
team 2 is:-Rajasthan Royals
id is:-598059
date is:-2013-04-23
venue is:-Feroz Shah Kotla
team 1 is:-Delhi Capitals
team 2 is:-Kings XI Punjab
id is:-598060
date is:-2013-05-13
venue is:-Wankhede Stadium
team 1 is:-Sunrisers Hyderabad
team 2 is:-Mumbai Indians
id is:-598061
date is:-2013-05-15
venue is:-JSCA International Stadium Complex
team 1 is:-Pune Warriors
team 2 is:-Kolkata Knight Riders
id is:-598062
date is:-2013-05-14
venue is:-MA Chidambaram Stadium, Chepauk
team 1 is:-Chennai Super Kings
team 2 is:-Delhi Capitals
id is:-598063
date is:-2013-05-15
venue is:-Wankhede Stadium
team 1 is:-Mumbai Indians
team 2 is:-Rajasthan Royals
id is:-598064
date is:-2013-05-06
venue is:-Punjab Cricket Association Stadium, Mohali
team 1 is:-Royal Challengers Bangalore
team 2 is:-Kings XI Punjab
id is:-598065
date is:-2013-05-17
venue is:-Rajiv Gandhi International Stadium, Uppal
team 1 is:-Sunrisers Hyderabad
team 2 is:-Rajasthan Royals
id is:-598066
date is:-2013-05-18
venue is:-Himachal Pradesh Cricket Association Stadium
team 1 is:-Kings XI Punjab
team 2 is:-Mumbai Indians
id is:-598067
date is:-2013-05-19
venue is:-Subrata Roy Sahara Stadium
team 1 is:-Pune Warriors
team 2 is:-Delhi Capitals
id is:-598068
date is:-2013-05-18
venue is:-M Chinnaswamy Stadium
team 1 is:-Royal Challengers Bangalore
team 2 is:-Chennai Super Kings
id is:-598069
date is:-2013-05-19
venue is:-Rajiv Gandhi International Stadium, Uppal
team 1 is:-Kolkata Knight Riders
team 2 is:-Sunrisers Hyderabad
id is:-598070
date is:-2013-05-21
venue is:-Feroz Shah Kotla
team 1 is:-Chennai Super Kings
team 2 is:-Mumbai Indians
id is:-598071
date is:-2013-05-22
venue is:-Feroz Shah Kotla
team 1 is:-Sunrisers Hyderabad
team 2 is:-Rajasthan Royals
id is:-598072
date is:-2013-05-24
venue is:-Eden Gardens
team 1 is:-Rajasthan Royals
team 2 is:-Mumbai Indians
id is:-598073
date is:-2013-05-26
venue is:-Eden Gardens
team 1 is:-Mumbai Indians
team 2 is:-Chennai Super Kings
id is:-729279
date is:-2014-04-16
venue is:-Sheikh Zayed Stadium
team 1 is:-Kolkata Knight Riders
team 2 is:-Mumbai Indians
id is:-729281
date is:-2014-04-17
venue is:-Sharjah Cricket Stadium
team 1 is:-Delhi Capitals
team 2 is:-Royal Challengers Bangalore
id is:-729283
date is:-2014-04-18
venue is:-Sheikh Zayed Stadium
team 1 is:-Chennai Super Kings
team 2 is:-Kings XI Punjab
id is:-729285
date is:-2014-04-18
venue is:-Sheikh Zayed Stadium
team 1 is:-Sunrisers Hyderabad
team 2 is:-Rajasthan Royals
id is:-729287
date is:-2014-04-19
venue is:-Dubai International Cricket Stadium
team 1 is:-Mumbai Indians
team 2 is:-Royal Challengers Bangalore
id is:-729289
date is:-2014-04-19
venue is:-Dubai International Cricket Stadium
team 1 is:-Kolkata Knight Riders
team 2 is:-Delhi Capitals
id is:-729291
date is:-2014-04-20
venue is:-Sharjah Cricket Stadium
team 1 is:-Rajasthan Royals
team 2 is:-Kings XI Punjab
id is:-729293
date is:-2014-04-21
venue is:-Sheikh Zayed Stadium
team 1 is:-Chennai Super Kings
team 2 is:-Delhi Capitals
id is:-729295
date is:-2014-04-22
venue is:-Sharjah Cricket Stadium
team 1 is:-Kings XI Punjab
team 2 is:-Sunrisers Hyderabad
id is:-729297
date is:-2014-04-23
venue is:-Dubai International Cricket Stadium
team 1 is:-Chennai Super Kings
team 2 is:-Rajasthan Royals
id is:-729299
date is:-2014-04-24
venue is:-Sharjah Cricket Stadium
team 1 is:-Kolkata Knight Riders
team 2 is:-Royal Challengers Bangalore
id is:-729301
date is:-2014-04-25
venue is:-Dubai International Cricket Stadium
team 1 is:-Sunrisers Hyderabad
team 2 is:-Delhi Capitals
id is:-729303
date is:-2014-04-25
venue is:-Dubai International Cricket Stadium
team 1 is:-Mumbai Indians
team 2 is:-Chennai Super Kings
id is:-729305
date is:-2014-04-26
venue is:-Sheikh Zayed Stadium
team 1 is:-Royal Challengers Bangalore
team 2 is:-Rajasthan Royals
id is:-729307
date is:-2014-04-26
venue is:-Sheikh Zayed Stadium
team 1 is:-Kings XI Punjab
team 2 is:-Kolkata Knight Riders
id is:-729309
date is:-2014-04-27
venue is:-Sharjah Cricket Stadium
team 1 is:-Mumbai Indians
team 2 is:-Delhi Capitals
id is:-729311
date is:-2014-04-27
venue is:-Sharjah Cricket Stadium
team 1 is:-Sunrisers Hyderabad
team 2 is:-Chennai Super Kings
id is:-729313
date is:-2014-04-28
venue is:-Dubai International Cricket Stadium
team 1 is:-Royal Challengers Bangalore
team 2 is:-Kings XI Punjab
id is:-729315
date is:-2014-04-29
venue is:-Sheikh Zayed Stadium
team 1 is:-Rajasthan Royals
team 2 is:-Kolkata Knight Riders
id is:-729317
date is:-2014-04-30
venue is:-Dubai International Cricket Stadium
team 1 is:-Sunrisers Hyderabad
team 2 is:-Mumbai Indians
id is:-733971
date is:-2014-05-02
venue is:-JSCA International Stadium Complex
team 1 is:-Chennai Super Kings
team 2 is:-Kolkata Knight Riders
id is:-733973
date is:-2014-05-03
venue is:-Wankhede Stadium
team 1 is:-Kings XI Punjab
team 2 is:-Mumbai Indians
id is:-733975
date is:-2014-05-03
venue is:-Feroz Shah Kotla
team 1 is:-Delhi Capitals
team 2 is:-Rajasthan Royals
id is:-733977
date is:-2014-05-04
venue is:-M Chinnaswamy Stadium
team 1 is:-Sunrisers Hyderabad
team 2 is:-Royal Challengers Bangalore
id is:-733979
date is:-2014-05-05
venue is:-Sardar Patel Stadium, Motera
team 1 is:-Rajasthan Royals
team 2 is:-Kolkata Knight Riders
id is:-733981
date is:-2014-05-05
venue is:-Feroz Shah Kotla
team 1 is:-Delhi Capitals
team 2 is:-Chennai Super Kings
id is:-733983
date is:-2014-05-06
venue is:-Wankhede Stadium
team 1 is:-Mumbai Indians
team 2 is:-Royal Challengers Bangalore
id is:-733985
date is:-2014-05-07
venue is:-Feroz Shah Kotla
team 1 is:-Delhi Capitals
team 2 is:-Kolkata Knight Riders
id is:-733987
date is:-2014-05-07
venue is:-Barabati Stadium
team 1 is:-Kings XI Punjab
team 2 is:-Chennai Super Kings
id is:-733989
date is:-2014-05-08
venue is:-Sardar Patel Stadium, Motera
team 1 is:-Sunrisers Hyderabad
team 2 is:-Rajasthan Royals
id is:-733991
date is:-2014-05-09
venue is:-M Chinnaswamy Stadium
team 1 is:-Kings XI Punjab
team 2 is:-Royal Challengers Bangalore
id is:-733993
date is:-2014-05-10
venue is:-Feroz Shah Kotla
team 1 is:-Delhi Capitals
team 2 is:-Sunrisers Hyderabad
id is:-733995
date is:-2014-05-10
venue is:-Wankhede Stadium
team 1 is:-Mumbai Indians
team 2 is:-Chennai Super Kings
id is:-733997
date is:-2014-05-11
venue is:-Barabati Stadium
team 1 is:-Kings XI Punjab
team 2 is:-Kolkata Knight Riders
id is:-733999
date is:-2014-05-11
venue is:-M Chinnaswamy Stadium
team 1 is:-Royal Challengers Bangalore
team 2 is:-Rajasthan Royals
id is:-734001
date is:-2014-05-12
venue is:-Rajiv Gandhi International Stadium, Uppal
team 1 is:-Sunrisers Hyderabad
team 2 is:-Mumbai Indians
id is:-734003
date is:-2014-05-13
venue is:-JSCA International Stadium Complex
team 1 is:-Rajasthan Royals
team 2 is:-Chennai Super Kings
id is:-734005
date is:-2014-05-13
venue is:-M Chinnaswamy Stadium
team 1 is:-Royal Challengers Bangalore
team 2 is:-Delhi Capitals
id is:-734007
date is:-2014-05-14
venue is:-Rajiv Gandhi International Stadium, Uppal
team 1 is:-Sunrisers Hyderabad
team 2 is:-Kings XI Punjab
id is:-734009
date is:-2014-05-14
venue is:-Barabati Stadium
team 1 is:-Mumbai Indians
team 2 is:-Kolkata Knight Riders
id is:-734011
date is:-2014-05-15
venue is:-Sardar Patel Stadium, Motera
team 1 is:-Rajasthan Royals
team 2 is:-Delhi Capitals
id is:-734013
date is:-2014-05-18
venue is:-JSCA International Stadium Complex
team 1 is:-Chennai Super Kings
team 2 is:-Royal Challengers Bangalore
id is:-734015
date is:-2014-05-18
venue is:-Rajiv Gandhi International Stadium, Uppal
team 1 is:-Sunrisers Hyderabad
team 2 is:-Kolkata Knight Riders
id is:-734017
date is:-2014-05-19
venue is:-Sardar Patel Stadium, Motera
team 1 is:-Mumbai Indians
team 2 is:-Rajasthan Royals
id is:-734019
date is:-2014-05-19
venue is:-Feroz Shah Kotla
team 1 is:-Delhi Capitals
team 2 is:-Kings XI Punjab
id is:-734021
date is:-2014-05-20
venue is:-Rajiv Gandhi International Stadium, Uppal
team 1 is:-Royal Challengers Bangalore
team 2 is:-Sunrisers Hyderabad
id is:-734023
date is:-2014-05-20
venue is:-Eden Gardens
team 1 is:-Chennai Super Kings
team 2 is:-Kolkata Knight Riders
id is:-734025
date is:-2014-05-21
venue is:-Punjab Cricket Association Stadium, Mohali
team 1 is:-Kings XI Punjab
team 2 is:-Mumbai Indians
id is:-734027
date is:-2014-05-22
venue is:-Eden Gardens
team 1 is:-Kolkata Knight Riders
team 2 is:-Royal Challengers Bangalore
id is:-734029
date is:-2014-05-22
venue is:-JSCA International Stadium Complex
team 1 is:-Chennai Super Kings
team 2 is:-Sunrisers Hyderabad
id is:-734031
date is:-2014-05-23
venue is:-Wankhede Stadium
team 1 is:-Mumbai Indians
team 2 is:-Delhi Capitals
id is:-734033
date is:-2014-05-23
venue is:-Punjab Cricket Association Stadium, Mohali
team 1 is:-Kings XI Punjab
team 2 is:-Rajasthan Royals
id is:-734035
date is:-2014-05-24
venue is:-M Chinnaswamy Stadium
team 1 is:-Royal Challengers Bangalore
team 2 is:-Chennai Super Kings
id is:-734037
date is:-2014-05-24
venue is:-Eden Gardens
team 1 is:-Sunrisers Hyderabad
team 2 is:-Kolkata Knight Riders
id is:-734039
date is:-2014-05-25
venue is:-Punjab Cricket Association Stadium, Mohali
team 1 is:-Delhi Capitals
team 2 is:-Kings XI Punjab
id is:-734041
date is:-2014-05-25
venue is:-Wankhede Stadium
team 1 is:-Rajasthan Royals
team 2 is:-Mumbai Indians
id is:-734043
date is:-2014-05-27
venue is:-Eden Gardens
team 1 is:-Kolkata Knight Riders
team 2 is:-Kings XI Punjab
id is:-734045
date is:-2014-05-28
venue is:-Brabourne Stadium
team 1 is:-Mumbai Indians
team 2 is:-Chennai Super Kings
id is:-734047
date is:-2014-05-30
venue is:-Wankhede Stadium
team 1 is:-Kings XI Punjab
team 2 is:-Chennai Super Kings
id is:-734049
date is:-2014-06-01
venue is:-M Chinnaswamy Stadium
team 1 is:-Kings XI Punjab
team 2 is:-Kolkata Knight Riders
id is:-829705
date is:-2015-04-08
venue is:-Eden Gardens
team 1 is:-Mumbai Indians
team 2 is:-Kolkata Knight Riders
id is:-829707
date is:-2015-04-09
venue is:-MA Chidambaram Stadium, Chepauk
team 1 is:-Chennai Super Kings
team 2 is:-Delhi Capitals
id is:-829709
date is:-2015-04-10
venue is:-Maharashtra Cricket Association Stadium
team 1 is:-Rajasthan Royals
team 2 is:-Kings XI Punjab
id is:-829711
date is:-2015-04-11
venue is:-MA Chidambaram Stadium, Chepauk
team 1 is:-Chennai Super Kings
team 2 is:-Sunrisers Hyderabad
id is:-829713
date is:-2015-04-11
venue is:-Eden Gardens
team 1 is:-Kolkata Knight Riders
team 2 is:-Royal Challengers Bangalore
id is:-829715
date is:-2015-04-12
venue is:-Feroz Shah Kotla
team 1 is:-Delhi Capitals
team 2 is:-Rajasthan Royals
id is:-829717
date is:-2015-04-12
venue is:-Wankhede Stadium
team 1 is:-Kings XI Punjab
team 2 is:-Mumbai Indians
id is:-829719
date is:-2015-04-13
venue is:-M Chinnaswamy Stadium
team 1 is:-Royal Challengers Bangalore
team 2 is:-Sunrisers Hyderabad
id is:-829721
date is:-2015-04-14
venue is:-Sardar Patel Stadium, Motera
team 1 is:-Mumbai Indians
team 2 is:-Rajasthan Royals
id is:-829723
date is:-2015-04-30
venue is:-Eden Gardens
team 1 is:-Chennai Super Kings
team 2 is:-Kolkata Knight Riders
id is:-829725
date is:-2015-04-15
venue is:-Maharashtra Cricket Association Stadium
team 1 is:-Kings XI Punjab
team 2 is:-Delhi Capitals
id is:-829727
date is:-2015-04-16
venue is:-Dr. Y.S. Rajasekhara Reddy ACA-VDCA Cricket Stadium
team 1 is:-Sunrisers Hyderabad
team 2 is:-Rajasthan Royals
id is:-829729
date is:-2015-04-17
venue is:-Wankhede Stadium
team 1 is:-Mumbai Indians
team 2 is:-Chennai Super Kings
id is:-829731
date is:-2015-04-18
venue is:-Dr. Y.S. Rajasekhara Reddy ACA-VDCA Cricket Stadium
team 1 is:-Delhi Capitals
team 2 is:-Sunrisers Hyderabad
id is:-829733
date is:-2015-04-18
venue is:-Maharashtra Cricket Association Stadium
team 1 is:-Kings XI Punjab
team 2 is:-Kolkata Knight Riders
id is:-829735
date is:-2015-04-19
venue is:-Sardar Patel Stadium, Motera
team 1 is:-Chennai Super Kings
team 2 is:-Rajasthan Royals
id is:-829737
date is:-2015-04-19
venue is:-M Chinnaswamy Stadium
team 1 is:-Mumbai Indians
team 2 is:-Royal Challengers Bangalore
id is:-829739
date is:-2015-04-20
venue is:-Feroz Shah Kotla
team 1 is:-Delhi Capitals
team 2 is:-Kolkata Knight Riders
id is:-829741
date is:-2015-04-21
venue is:-Sardar Patel Stadium, Motera
team 1 is:-Rajasthan Royals
team 2 is:-Kings XI Punjab
id is:-829743
date is:-2015-04-22
venue is:-Dr. Y.S. Rajasekhara Reddy ACA-VDCA Cricket Stadium
team 1 is:-Sunrisers Hyderabad
team 2 is:-Kolkata Knight Riders
id is:-829745
date is:-2015-04-22
venue is:-M Chinnaswamy Stadium
team 1 is:-Chennai Super Kings
team 2 is:-Royal Challengers Bangalore
id is:-829747
date is:-2015-04-23
venue is:-Feroz Shah Kotla
team 1 is:-Delhi Capitals
team 2 is:-Mumbai Indians
id is:-829749
date is:-2015-04-24
venue is:-Sardar Patel Stadium, Motera
team 1 is:-Rajasthan Royals
team 2 is:-Royal Challengers Bangalore
id is:-829751
date is:-2015-04-25
venue is:-Wankhede Stadium
team 1 is:-Mumbai Indians
team 2 is:-Sunrisers Hyderabad
id is:-829753
date is:-2015-04-25
venue is:-MA Chidambaram Stadium, Chepauk
team 1 is:-Chennai Super Kings
team 2 is:-Kings XI Punjab
id is:-829757
date is:-2015-04-26
venue is:-Feroz Shah Kotla
team 1 is:-Delhi Capitals
team 2 is:-Royal Challengers Bangalore
id is:-829759
date is:-2015-04-27
venue is:-Punjab Cricket Association Stadium, Mohali
team 1 is:-Sunrisers Hyderabad
team 2 is:-Kings XI Punjab
id is:-829761
date is:-2015-05-07
venue is:-Eden Gardens
team 1 is:-Kolkata Knight Riders
team 2 is:-Delhi Capitals
id is:-829763
date is:-2015-04-29
venue is:-M Chinnaswamy Stadium
team 1 is:-Royal Challengers Bangalore
team 2 is:-Rajasthan Royals
id is:-829765
date is:-2015-04-28
venue is:-MA Chidambaram Stadium, Chepauk
team 1 is:-Chennai Super Kings
team 2 is:-Kolkata Knight Riders
id is:-829767
date is:-2015-05-01
venue is:-Feroz Shah Kotla
team 1 is:-Kings XI Punjab
team 2 is:-Delhi Capitals
id is:-829769
date is:-2015-05-01
venue is:-Wankhede Stadium
team 1 is:-Mumbai Indians
team 2 is:-Rajasthan Royals
id is:-829771
date is:-2015-05-02
venue is:-M Chinnaswamy Stadium
team 1 is:-Kolkata Knight Riders
team 2 is:-Royal Challengers Bangalore
id is:-829773
date is:-2015-05-02
venue is:-Rajiv Gandhi International Stadium, Uppal
team 1 is:-Sunrisers Hyderabad
team 2 is:-Chennai Super Kings
id is:-829775
date is:-2015-05-03
venue is:-Punjab Cricket Association Stadium, Mohali
team 1 is:-Mumbai Indians
team 2 is:-Kings XI Punjab
id is:-829777
date is:-2015-05-03
venue is:-Brabourne Stadium
team 1 is:-Rajasthan Royals
team 2 is:-Delhi Capitals
id is:-829779
date is:-2015-05-04
venue is:-MA Chidambaram Stadium, Chepauk
team 1 is:-Chennai Super Kings
team 2 is:-Royal Challengers Bangalore
id is:-829781
date is:-2015-05-04
venue is:-Eden Gardens
team 1 is:-Kolkata Knight Riders
team 2 is:-Sunrisers Hyderabad
id is:-829783
date is:-2015-05-05
venue is:-Wankhede Stadium
team 1 is:-Delhi Capitals
team 2 is:-Mumbai Indians
id is:-829785
date is:-2015-05-06
venue is:-M Chinnaswamy Stadium
team 1 is:-Royal Challengers Bangalore
team 2 is:-Kings XI Punjab
id is:-829787
date is:-2015-05-07
venue is:-Brabourne Stadium
team 1 is:-Sunrisers Hyderabad
team 2 is:-Rajasthan Royals
id is:-829789
date is:-2015-05-08
venue is:-MA Chidambaram Stadium, Chepauk
team 1 is:-Chennai Super Kings
team 2 is:-Mumbai Indians
id is:-829791
date is:-2015-05-09
venue is:-Eden Gardens
team 1 is:-Kings XI Punjab
team 2 is:-Kolkata Knight Riders
id is:-829793
date is:-2015-05-09
venue is:-Shaheed Veer Narayan Singh International Stadium
team 1 is:-Sunrisers Hyderabad
team 2 is:-Delhi Capitals
id is:-829795
date is:-2015-05-10
venue is:-Wankhede Stadium
team 1 is:-Royal Challengers Bangalore
team 2 is:-Mumbai Indians
id is:-829797
date is:-2015-05-10
venue is:-MA Chidambaram Stadium, Chepauk
team 1 is:-Chennai Super Kings
team 2 is:-Rajasthan Royals
id is:-829799
date is:-2015-05-11
venue is:-Rajiv Gandhi International Stadium, Uppal
team 1 is:-Sunrisers Hyderabad
team 2 is:-Kings XI Punjab
id is:-829801
date is:-2015-05-12
venue is:-Shaheed Veer Narayan Singh International Stadium
team 1 is:-Chennai Super Kings
team 2 is:-Delhi Capitals
id is:-829803
date is:-2015-05-13
venue is:-Punjab Cricket Association Stadium, Mohali
team 1 is:-Kings XI Punjab
team 2 is:-Royal Challengers Bangalore
id is:-829805
date is:-2015-05-14
venue is:-Wankhede Stadium
team 1 is:-Mumbai Indians
team 2 is:-Kolkata Knight Riders
id is:-829807
date is:-2015-05-15
venue is:-Rajiv Gandhi International Stadium, Uppal
team 1 is:-Sunrisers Hyderabad
team 2 is:-Royal Challengers Bangalore
id is:-829809
date is:-2015-05-16
venue is:-Punjab Cricket Association Stadium, Mohali
team 1 is:-Kings XI Punjab
team 2 is:-Chennai Super Kings
id is:-829811
date is:-2015-05-16
venue is:-Brabourne Stadium
team 1 is:-Rajasthan Royals
team 2 is:-Kolkata Knight Riders
id is:-829813
date is:-2015-05-17
venue is:-M Chinnaswamy Stadium
team 1 is:-Delhi Capitals
team 2 is:-Royal Challengers Bangalore
id is:-829815
date is:-2015-05-17
venue is:-Rajiv Gandhi International Stadium, Uppal
team 1 is:-Sunrisers Hyderabad
team 2 is:-Mumbai Indians
id is:-829817
date is:-2015-05-19
venue is:-Wankhede Stadium
team 1 is:-Mumbai Indians
team 2 is:-Chennai Super Kings
id is:-829819
date is:-2015-05-20
venue is:-Maharashtra Cricket Association Stadium
team 1 is:-Royal Challengers Bangalore
team 2 is:-Rajasthan Royals
id is:-829821
date is:-2015-05-22
venue is:-JSCA International Stadium Complex
team 1 is:-Royal Challengers Bangalore
team 2 is:-Chennai Super Kings
id is:-829823
date is:-2015-05-24
venue is:-Eden Gardens
team 1 is:-Mumbai Indians
team 2 is:-Chennai Super Kings
id is:-980901
date is:-2016-04-09
venue is:-Wankhede Stadium
team 1 is:-Mumbai Indians
team 2 is:-Rising Pune Supergiants
id is:-980903
date is:-2016-04-10
venue is:-Eden Gardens
team 1 is:-Delhi Capitals
team 2 is:-Kolkata Knight Riders
id is:-980905
date is:-2016-04-11
venue is:-Punjab Cricket Association IS Bindra Stadium, Mohali
team 1 is:-Kings XI Punjab
team 2 is:-Gujarat Lions
id is:-980907
date is:-2016-04-12
venue is:-M Chinnaswamy Stadium
team 1 is:-Royal Challengers Bangalore
team 2 is:-Sunrisers Hyderabad
id is:-980909
date is:-2016-04-13
venue is:-Eden Gardens
team 1 is:-Kolkata Knight Riders
team 2 is:-Mumbai Indians
id is:-980911
date is:-2016-04-14
venue is:-Saurashtra Cricket Association Stadium
team 1 is:-Rising Pune Supergiants
team 2 is:-Gujarat Lions
id is:-980913
date is:-2016-04-15
venue is:-Feroz Shah Kotla
team 1 is:-Kings XI Punjab
team 2 is:-Delhi Capitals
id is:-980915
date is:-2016-04-16
venue is:-Rajiv Gandhi International Stadium, Uppal
team 1 is:-Sunrisers Hyderabad
team 2 is:-Kolkata Knight Riders
id is:-980917
date is:-2016-04-16
venue is:-Wankhede Stadium
team 1 is:-Mumbai Indians
team 2 is:-Gujarat Lions
id is:-980919
date is:-2016-04-17
venue is:-Punjab Cricket Association IS Bindra Stadium, Mohali
team 1 is:-Rising Pune Supergiants
team 2 is:-Kings XI Punjab
id is:-980921
date is:-2016-04-17
venue is:-M Chinnaswamy Stadium
team 1 is:-Royal Challengers Bangalore
team 2 is:-Delhi Capitals
id is:-980923
date is:-2016-04-18
venue is:-Rajiv Gandhi International Stadium, Uppal
team 1 is:-Mumbai Indians
team 2 is:-Sunrisers Hyderabad
id is:-980925
date is:-2016-04-19
venue is:-Punjab Cricket Association IS Bindra Stadium, Mohali
team 1 is:-Kings XI Punjab
team 2 is:-Kolkata Knight Riders
id is:-980927
date is:-2016-04-20
venue is:-Wankhede Stadium
team 1 is:-Royal Challengers Bangalore
team 2 is:-Mumbai Indians
id is:-980929
date is:-2016-04-21
venue is:-Saurashtra Cricket Association Stadium
team 1 is:-Gujarat Lions
team 2 is:-Sunrisers Hyderabad
id is:-980931
date is:-2016-04-22
venue is:-Maharashtra Cricket Association Stadium
team 1 is:-Royal Challengers Bangalore
team 2 is:-Rising Pune Supergiants
id is:-980933
date is:-2016-04-23
venue is:-Feroz Shah Kotla
team 1 is:-Delhi Capitals
team 2 is:-Mumbai Indians
id is:-980935
date is:-2016-04-23
venue is:-Rajiv Gandhi International Stadium, Uppal
team 1 is:-Kings XI Punjab
team 2 is:-Sunrisers Hyderabad
id is:-980937
date is:-2016-04-24
venue is:-Saurashtra Cricket Association Stadium
team 1 is:-Royal Challengers Bangalore
team 2 is:-Gujarat Lions
id is:-980939
date is:-2016-04-24
venue is:-Maharashtra Cricket Association Stadium
team 1 is:-Rising Pune Supergiants
team 2 is:-Kolkata Knight Riders
id is:-980941
date is:-2016-04-25
venue is:-Punjab Cricket Association IS Bindra Stadium, Mohali
team 1 is:-Mumbai Indians
team 2 is:-Kings XI Punjab
id is:-980943
date is:-2016-04-26
venue is:-Rajiv Gandhi International Stadium, Uppal
team 1 is:-Sunrisers Hyderabad
team 2 is:-Rising Pune Supergiants
id is:-980945
date is:-2016-04-27
venue is:-Feroz Shah Kotla
team 1 is:-Gujarat Lions
team 2 is:-Delhi Capitals
id is:-980947
date is:-2016-04-28
venue is:-Wankhede Stadium
team 1 is:-Kolkata Knight Riders
team 2 is:-Mumbai Indians
id is:-980949
date is:-2016-04-29
venue is:-Maharashtra Cricket Association Stadium
team 1 is:-Rising Pune Supergiants
team 2 is:-Gujarat Lions
id is:-980951
date is:-2016-04-30
venue is:-Feroz Shah Kotla
team 1 is:-Delhi Capitals
team 2 is:-Kolkata Knight Riders
id is:-980953
date is:-2016-04-30
venue is:-Rajiv Gandhi International Stadium, Uppal
team 1 is:-Sunrisers Hyderabad
team 2 is:-Royal Challengers Bangalore
id is:-980955
date is:-2016-05-01
venue is:-Saurashtra Cricket Association Stadium
team 1 is:-Kings XI Punjab
team 2 is:-Gujarat Lions
id is:-980957
date is:-2016-05-01
venue is:-Maharashtra Cricket Association Stadium
team 1 is:-Rising Pune Supergiants
team 2 is:-Mumbai Indians
id is:-980959
date is:-2016-05-02
venue is:-M Chinnaswamy Stadium
team 1 is:-Royal Challengers Bangalore
team 2 is:-Kolkata Knight Riders
id is:-980961
date is:-2016-05-03
venue is:-Saurashtra Cricket Association Stadium
team 1 is:-Gujarat Lions
team 2 is:-Delhi Capitals
id is:-980963
date is:-2016-05-04
venue is:-Eden Gardens
team 1 is:-Kolkata Knight Riders
team 2 is:-Kings XI Punjab
id is:-980965
date is:-2016-05-05
venue is:-Feroz Shah Kotla
team 1 is:-Delhi Capitals
team 2 is:-Rising Pune Supergiants
[...]
team 1 is:-Mumbai Indians
team 2 is:-Sunrisers Hyderabad
id is:-1359500
date is:-2023-04-19
venue is:-Sawai Mansingh Stadium, Jaipur
team 1 is:-Lucknow Super Giants
team 2 is:-Rajasthan Royals
id is:-1359501
date is:-2023-04-20
venue is:-Punjab Cricket Association IS Bindra Stadium, Mohali, Chandigarh
team 1 is:-Royal Challengers Bangalore
team 2 is:-Punjab Kings
id is:-1359502
date is:-2023-04-20
venue is:-Arun Jaitley Stadium, Delhi
team 1 is:-Kolkata Knight Riders
team 2 is:-Delhi Capitals
id is:-1359503
date is:-2023-04-21
venue is:-MA Chidambaram Stadium, Chepauk, Chennai
team 1 is:-Sunrisers Hyderabad
team 2 is:-Chennai Super Kings
id is:-1359504
date is:-2023-04-22
venue is:-Bharat Ratna Shri Atal Bihari Vajpayee Ekana Cricket Stadium, Lucknow
team 1 is:-Gujarat Titans
team 2 is:-Lucknow Super Giants
id is:-1359505
date is:-2023-04-22
venue is:-Wankhede Stadium, Mumbai
team 1 is:-Punjab Kings
team 2 is:-Mumbai Indians
id is:-1359506
date is:-2023-04-23
venue is:-M Chinnaswamy Stadium, Bengaluru
team 1 is:-Royal Challengers Bangalore
team 2 is:-Rajasthan Royals
id is:-1359507
date is:-2023-04-23
venue is:-Eden Gardens, Kolkata
team 1 is:-Chennai Super Kings
team 2 is:-Kolkata Knight Riders
id is:-1359508
date is:-2023-04-24
venue is:-Rajiv Gandhi International Stadium, Uppal, Hyderabad
team 1 is:-Delhi Capitals
team 2 is:-Sunrisers Hyderabad
id is:-1359509
date is:-2023-04-25
venue is:-Narendra Modi Stadium, Ahmedabad
team 1 is:-Gujarat Titans
team 2 is:-Mumbai Indians
id is:-1359510
date is:-2023-04-26
venue is:-M Chinnaswamy Stadium, Bengaluru
team 1 is:-Kolkata Knight Riders
team 2 is:-Royal Challengers Bangalore
id is:-1359511
date is:-2023-04-27
venue is:-Sawai Mansingh Stadium, Jaipur
team 1 is:-Rajasthan Royals
team 2 is:-Chennai Super Kings
id is:-1359512
date is:-2023-04-28
venue is:-Punjab Cricket Association IS Bindra Stadium, Mohali, Chandigarh
team 1 is:-Lucknow Super Giants
team 2 is:-Punjab Kings
id is:-1359513
date is:-2023-04-29
venue is:-Eden Gardens, Kolkata
team 1 is:-Kolkata Knight Riders
team 2 is:-Gujarat Titans
id is:-1359514
date is:-2023-04-29
venue is:-Arun Jaitley Stadium, Delhi
team 1 is:-Sunrisers Hyderabad
team 2 is:-Delhi Capitals
id is:-1359515
date is:-2023-04-30
venue is:-MA Chidambaram Stadium, Chepauk, Chennai
team 1 is:-Chennai Super Kings
team 2 is:-Punjab Kings
id is:-1359516
date is:-2023-04-30
venue is:-Wankhede Stadium, Mumbai
team 1 is:-Rajasthan Royals
team 2 is:-Mumbai Indians
id is:-1359517
date is:-2023-05-01
venue is:-Bharat Ratna Shri Atal Bihari Vajpayee Ekana Cricket Stadium, Lucknow
team 1 is:-Royal Challengers Bangalore
team 2 is:-Lucknow Super Giants
id is:-1359518
date is:-2023-05-02
venue is:-Narendra Modi Stadium, Ahmedabad
team 1 is:-Delhi Capitals
team 2 is:-Gujarat Titans
id is:-1359519
date is:-2023-05-03
venue is:-Bharat Ratna Shri Atal Bihari Vajpayee Ekana Cricket Stadium, Lucknow
team 1 is:-Lucknow Super Giants
team 2 is:-Chennai Super Kings
id is:-1359520
date is:-2023-05-03
venue is:-Punjab Cricket Association IS Bindra Stadium, Mohali, Chandigarh
team 1 is:-Punjab Kings
team 2 is:-Mumbai Indians
id is:-1359521
date is:-2023-05-04
venue is:-Rajiv Gandhi International Stadium, Uppal, Hyderabad
team 1 is:-Kolkata Knight Riders
team 2 is:-Sunrisers Hyderabad
id is:-1359522
date is:-2023-05-05
venue is:-Sawai Mansingh Stadium, Jaipur
team 1 is:-Rajasthan Royals
team 2 is:-Gujarat Titans
id is:-1359523
date is:-2023-05-06
venue is:-MA Chidambaram Stadium, Chepauk, Chennai
team 1 is:-Mumbai Indians
team 2 is:-Chennai Super Kings
id is:-1359524
date is:-2023-05-06
venue is:-Arun Jaitley Stadium, Delhi
team 1 is:-Royal Challengers Bangalore
team 2 is:-Delhi Capitals
id is:-1359525
date is:-2023-05-07
venue is:-Narendra Modi Stadium, Ahmedabad
team 1 is:-Gujarat Titans
team 2 is:-Lucknow Super Giants
id is:-1359526
date is:-2023-05-07
venue is:-Sawai Mansingh Stadium, Jaipur
team 1 is:-Rajasthan Royals
team 2 is:-Sunrisers Hyderabad
id is:-1359527
date is:-2023-05-08
venue is:-Eden Gardens, Kolkata
team 1 is:-Punjab Kings
team 2 is:-Kolkata Knight Riders
id is:-1359528
date is:-2023-05-09
venue is:-Wankhede Stadium, Mumbai
team 1 is:-Royal Challengers Bangalore
team 2 is:-Mumbai Indians
id is:-1359529
date is:-2023-05-10
venue is:-MA Chidambaram Stadium, Chepauk, Chennai
team 1 is:-Chennai Super Kings
team 2 is:-Delhi Capitals
id is:-1359530
date is:-2023-05-11
venue is:-Eden Gardens, Kolkata
team 1 is:-Kolkata Knight Riders
team 2 is:-Rajasthan Royals
id is:-1359531
date is:-2023-05-12
venue is:-Wankhede Stadium, Mumbai
team 1 is:-Mumbai Indians
team 2 is:-Gujarat Titans
id is:-1359532
date is:-2023-05-13
venue is:-Rajiv Gandhi International Stadium, Uppal, Hyderabad
team 1 is:-Sunrisers Hyderabad
team 2 is:-Lucknow Super Giants
id is:-1359533
date is:-2023-05-13
venue is:-Arun Jaitley Stadium, Delhi
team 1 is:-Punjab Kings
team 2 is:-Delhi Capitals
id is:-1359534
date is:-2023-05-14
venue is:-Sawai Mansingh Stadium, Jaipur
team 1 is:-Royal Challengers Bangalore
team 2 is:-Rajasthan Royals
id is:-1359535
date is:-2023-05-14
venue is:-MA Chidambaram Stadium, Chepauk, Chennai
team 1 is:-Chennai Super Kings
team 2 is:-Kolkata Knight Riders
id is:-1359536
date is:-2023-05-15
venue is:-Narendra Modi Stadium, Ahmedabad
team 1 is:-Gujarat Titans
team 2 is:-Sunrisers Hyderabad
id is:-1359537
date is:-2023-05-16
venue is:-Bharat Ratna Shri Atal Bihari Vajpayee Ekana Cricket Stadium, Lucknow
team 1 is:-Lucknow Super Giants
team 2 is:-Mumbai Indians
id is:-1359538
date is:-2023-05-17
venue is:-Himachal Pradesh Cricket Association Stadium, Dharamsala
team 1 is:-Delhi Capitals
team 2 is:-Punjab Kings
id is:-1359539
date is:-2023-05-18
venue is:-Rajiv Gandhi International Stadium, Uppal, Hyderabad
team 1 is:-Sunrisers Hyderabad
team 2 is:-Royal Challengers Bangalore
id is:-1359540
date is:-2023-05-19
venue is:-Himachal Pradesh Cricket Association Stadium, Dharamsala
team 1 is:-Punjab Kings
team 2 is:-Rajasthan Royals
id is:-1359541
date is:-2023-05-20
venue is:-Arun Jaitley Stadium, Delhi
team 1 is:-Chennai Super Kings
team 2 is:-Delhi Capitals
id is:-1359542
date is:-2023-05-20
venue is:-Eden Gardens, Kolkata
team 1 is:-Lucknow Super Giants
team 2 is:-Kolkata Knight Riders
id is:-1359543
date is:-2023-05-21
venue is:-Wankhede Stadium, Mumbai
team 1 is:-Sunrisers Hyderabad
team 2 is:-Mumbai Indians
id is:-1359544
date is:-2023-05-21
venue is:-M Chinnaswamy Stadium, Bengaluru
team 1 is:-Royal Challengers Bangalore
team 2 is:-Gujarat Titans
id is:-1370350
date is:-2023-05-23
venue is:-MA Chidambaram Stadium, Chepauk, Chennai
team 1 is:-Chennai Super Kings
team 2 is:-Gujarat Titans
id is:-1370351
date is:-2023-05-24
venue is:-MA Chidambaram Stadium, Chepauk, Chennai
team 1 is:-Mumbai Indians
team 2 is:-Lucknow Super Giants
id is:-1370352
date is:-2023-05-26
venue is:-Narendra Modi Stadium, Ahmedabad
team 1 is:-Gujarat Titans
team 2 is:-Mumbai Indians
id is:-1370353
date is:-2023-05-29
venue is:-Narendra Modi Stadium, Ahmedabad
team 1 is:-Gujarat Titans
team 2 is:-Chennai Super Kings
id is:-1422119
date is:-2024-03-22
venue is:-MA Chidambaram Stadium, Chepauk, Chennai
team 1 is:-Royal Challengers Bengaluru
team 2 is:-Chennai Super Kings
id is:-1422120
date is:-2024-03-23
venue is:-Maharaja Yadavindra Singh International Cricket Stadium, Mullanpur
team 1 is:-Delhi Capitals
team 2 is:-Punjab Kings
id is:-1422121
date is:-2024-03-23
venue is:-Eden Gardens, Kolkata
team 1 is:-Kolkata Knight Riders
team 2 is:-Sunrisers Hyderabad
id is:-1422122
date is:-2024-03-24
venue is:-Sawai Mansingh Stadium, Jaipur
team 1 is:-Rajasthan Royals
team 2 is:-Lucknow Super Giants
id is:-1422123
date is:-2024-03-24
venue is:-Narendra Modi Stadium, Ahmedabad
team 1 is:-Gujarat Titans
team 2 is:-Mumbai Indians
id is:-1422124
date is:-2024-03-25
venue is:-M Chinnaswamy Stadium, Bengaluru
team 1 is:-Punjab Kings
team 2 is:-Royal Challengers Bengaluru
id is:-1422125
date is:-2024-03-26
venue is:-MA Chidambaram Stadium, Chepauk, Chennai
team 1 is:-Chennai Super Kings
team 2 is:-Gujarat Titans
id is:-1422126
date is:-2024-03-27
venue is:-Rajiv Gandhi International Stadium, Uppal, Hyderabad
team 1 is:-Sunrisers Hyderabad
team 2 is:-Mumbai Indians
id is:-1422127
date is:-2024-03-28
venue is:-Sawai Mansingh Stadium, Jaipur
team 1 is:-Rajasthan Royals
team 2 is:-Delhi Capitals
id is:-1422128
date is:-2024-03-29
venue is:-M Chinnaswamy Stadium, Bengaluru
team 1 is:-Royal Challengers Bengaluru
team 2 is:-Kolkata Knight Riders
id is:-1422129
date is:-2024-03-30
venue is:-Bharat Ratna Shri Atal Bihari Vajpayee Ekana Cricket Stadium, Lucknow
team 1 is:-Lucknow Super Giants
team 2 is:-Punjab Kings
id is:-1422130
date is:-2024-03-31
venue is:-Narendra Modi Stadium, Ahmedabad
team 1 is:-Sunrisers Hyderabad
team 2 is:-Gujarat Titans
id is:-1422131
date is:-2024-03-31
venue is:-Dr. Y.S. Rajasekhara Reddy ACA-VDCA Cricket Stadium, Visakhapatnam
team 1 is:-Delhi Capitals
team 2 is:-Chennai Super Kings
id is:-1422132
date is:-2024-04-01
venue is:-Wankhede Stadium, Mumbai
team 1 is:-Mumbai Indians
team 2 is:-Rajasthan Royals
id is:-1422133
date is:-2024-04-02
venue is:-M Chinnaswamy Stadium, Bengaluru
team 1 is:-Lucknow Super Giants
team 2 is:-Royal Challengers Bengaluru
id is:-1422134
date is:-2024-04-03
venue is:-Dr. Y.S. Rajasekhara Reddy ACA-VDCA Cricket Stadium, Visakhapatnam
team 1 is:-Kolkata Knight Riders
team 2 is:-Delhi Capitals
id is:-1422135
date is:-2024-04-04
venue is:-Narendra Modi Stadium, Ahmedabad
team 1 is:-Gujarat Titans
team 2 is:-Punjab Kings
id is:-1422136
date is:-2024-04-05
venue is:-Rajiv Gandhi International Stadium, Uppal, Hyderabad
team 1 is:-Chennai Super Kings
team 2 is:-Sunrisers Hyderabad
id is:-1422137
date is:-2024-04-06
venue is:-Sawai Mansingh Stadium, Jaipur
team 1 is:-Royal Challengers Bengaluru
team 2 is:-Rajasthan Royals
id is:-1422138
date is:-2024-04-07
venue is:-Wankhede Stadium, Mumbai
team 1 is:-Mumbai Indians
team 2 is:-Delhi Capitals
id is:-1422139
date is:-2024-04-07
venue is:-Bharat Ratna Shri Atal Bihari Vajpayee Ekana Cricket Stadium, Lucknow
team 1 is:-Lucknow Super Giants
team 2 is:-Gujarat Titans
id is:-1426260
date is:-2024-04-08
venue is:-MA Chidambaram Stadium, Chepauk, Chennai
team 1 is:-Kolkata Knight Riders
team 2 is:-Chennai Super Kings
id is:-1426261
date is:-2024-04-09
venue is:-Maharaja Yadavindra Singh International Cricket Stadium, Mullanpur
team 1 is:-Sunrisers Hyderabad
team 2 is:-Punjab Kings
id is:-1426262
date is:-2024-04-10
venue is:-Sawai Mansingh Stadium, Jaipur
team 1 is:-Rajasthan Royals
team 2 is:-Gujarat Titans
id is:-1426263
date is:-2024-04-11
venue is:-Wankhede Stadium, Mumbai
team 1 is:-Royal Challengers Bengaluru
team 2 is:-Mumbai Indians
id is:-1426264
date is:-2024-04-12
venue is:-Bharat Ratna Shri Atal Bihari Vajpayee Ekana Cricket Stadium, Lucknow
team 1 is:-Lucknow Super Giants
team 2 is:-Delhi Capitals
id is:-1426265
date is:-2024-04-13
venue is:-Maharaja Yadavindra Singh International Cricket Stadium, Mullanpur
team 1 is:-Punjab Kings
team 2 is:-Rajasthan Royals
id is:-1426266
date is:-2024-04-14
venue is:-Eden Gardens, Kolkata
team 1 is:-Lucknow Super Giants
team 2 is:-Kolkata Knight Riders
id is:-1426267
date is:-2024-04-14
venue is:-Wankhede Stadium, Mumbai
team 1 is:-Chennai Super Kings
team 2 is:-Mumbai Indians
id is:-1426268
date is:-2024-04-15
venue is:-M Chinnaswamy Stadium, Bengaluru
team 1 is:-Sunrisers Hyderabad
team 2 is:-Royal Challengers Bengaluru
id is:-1426269
date is:-2024-04-16
venue is:-Eden Gardens, Kolkata
team 1 is:-Kolkata Knight Riders
team 2 is:-Rajasthan Royals
id is:-1426270
date is:-2024-04-17
venue is:-Narendra Modi Stadium, Ahmedabad
team 1 is:-Gujarat Titans
team 2 is:-Delhi Capitals
id is:-1426271
date is:-2024-04-18
venue is:-Maharaja Yadavindra Singh International Cricket Stadium, Mullanpur
team 1 is:-Mumbai Indians
team 2 is:-Punjab Kings
id is:-1426272
date is:-2024-04-19
venue is:-Bharat Ratna Shri Atal Bihari Vajpayee Ekana Cricket Stadium, Lucknow
team 1 is:-Chennai Super Kings
team 2 is:-Lucknow Super Giants
id is:-1426273
date is:-2024-04-20
venue is:-Arun Jaitley Stadium, Delhi
team 1 is:-Sunrisers Hyderabad
team 2 is:-Delhi Capitals
id is:-1426274
date is:-2024-04-21
venue is:-Eden Gardens, Kolkata
team 1 is:-Kolkata Knight Riders
team 2 is:-Royal Challengers Bengaluru
id is:-1426275
date is:-2024-04-21
venue is:-Maharaja Yadavindra Singh International Cricket Stadium, Mullanpur
team 1 is:-Punjab Kings
team 2 is:-Gujarat Titans
id is:-1426276
date is:-2024-04-22
venue is:-Sawai Mansingh Stadium, Jaipur
team 1 is:-Mumbai Indians
team 2 is:-Rajasthan Royals
id is:-1426277
date is:-2024-04-23
venue is:-MA Chidambaram Stadium, Chepauk, Chennai
team 1 is:-Chennai Super Kings
team 2 is:-Lucknow Super Giants
id is:-1426278
date is:-2024-04-24
venue is:-Arun Jaitley Stadium, Delhi
team 1 is:-Delhi Capitals
team 2 is:-Gujarat Titans
id is:-1426279
date is:-2024-04-25
venue is:-Rajiv Gandhi International Stadium, Uppal, Hyderabad
team 1 is:-Royal Challengers Bengaluru
team 2 is:-Sunrisers Hyderabad
id is:-1426280
date is:-2024-04-26
venue is:-Eden Gardens, Kolkata
team 1 is:-Kolkata Knight Riders
team 2 is:-Punjab Kings
id is:-1426281
date is:-2024-04-27
venue is:-Arun Jaitley Stadium, Delhi
team 1 is:-Delhi Capitals
team 2 is:-Mumbai Indians
id is:-1426282
date is:-2024-04-27
venue is:-Bharat Ratna Shri Atal Bihari Vajpayee Ekana Cricket Stadium, Lucknow
team 1 is:-Lucknow Super Giants
team 2 is:-Rajasthan Royals
id is:-1426283
date is:-2024-04-28
venue is:-Narendra Modi Stadium, Ahmedabad
team 1 is:-Gujarat Titans
team 2 is:-Royal Challengers Bengaluru
id is:-1426284
date is:-2024-04-28
venue is:-MA Chidambaram Stadium, Chepauk, Chennai
team 1 is:-Chennai Super Kings
team 2 is:-Sunrisers Hyderabad
id is:-1426285
date is:-2024-04-29
venue is:-Eden Gardens, Kolkata
team 1 is:-Delhi Capitals
team 2 is:-Kolkata Knight Riders
id is:-1426286
date is:-2024-04-30
venue is:-Bharat Ratna Shri Atal Bihari Vajpayee Ekana Cricket Stadium, Lucknow
team 1 is:-Mumbai Indians
team 2 is:-Lucknow Super Giants
id is:-1426287
date is:-2024-05-01
venue is:-MA Chidambaram Stadium, Chepauk, Chennai
team 1 is:-Chennai Super Kings
team 2 is:-Punjab Kings
id is:-1426288
date is:-2024-05-02
venue is:-Rajiv Gandhi International Stadium, Uppal, Hyderabad
team 1 is:-Sunrisers Hyderabad
team 2 is:-Rajasthan Royals
id is:-1426289
date is:-2024-05-03
venue is:-Wankhede Stadium, Mumbai
team 1 is:-Kolkata Knight Riders
team 2 is:-Mumbai Indians
id is:-1426290
date is:-2024-05-04
venue is:-M Chinnaswamy Stadium, Bengaluru
team 1 is:-Gujarat Titans
team 2 is:-Royal Challengers Bengaluru
id is:-1426291
date is:-2024-05-05
venue is:-Himachal Pradesh Cricket Association Stadium, Dharamsala
team 1 is:-Chennai Super Kings
team 2 is:-Punjab Kings
id is:-1426292
date is:-2024-05-05
venue is:-Bharat Ratna Shri Atal Bihari Vajpayee Ekana Cricket Stadium, Lucknow
team 1 is:-Kolkata Knight Riders
team 2 is:-Lucknow Super Giants
id is:-1426293
date is:-2024-05-06
venue is:-Wankhede Stadium, Mumbai
team 1 is:-Sunrisers Hyderabad
team 2 is:-Mumbai Indians
id is:-1426294
date is:-2024-05-07
venue is:-Arun Jaitley Stadium, Delhi
team 1 is:-Delhi Capitals
team 2 is:-Rajasthan Royals
id is:-1426295
date is:-2024-05-08
venue is:-Rajiv Gandhi International Stadium, Uppal, Hyderabad
team 1 is:-Lucknow Super Giants
team 2 is:-Sunrisers Hyderabad
id is:-1426296
date is:-2024-05-09
venue is:-Himachal Pradesh Cricket Association Stadium, Dharamsala
team 1 is:-Royal Challengers Bengaluru
team 2 is:-Punjab Kings
id is:-1426297
date is:-2024-05-10
venue is:-Narendra Modi Stadium, Ahmedabad
team 1 is:-Gujarat Titans
team 2 is:-Chennai Super Kings
id is:-1426298
date is:-2024-05-11
venue is:-Eden Gardens, Kolkata
team 1 is:-Kolkata Knight Riders
team 2 is:-Mumbai Indians
id is:-1426299
date is:-2024-05-12
venue is:-MA Chidambaram Stadium, Chepauk, Chennai
team 1 is:-Rajasthan Royals
team 2 is:-Chennai Super Kings
id is:-1426300
date is:-2024-05-12
venue is:-M Chinnaswamy Stadium, Bengaluru
team 1 is:-Royal Challengers Bengaluru
team 2 is:-Delhi Capitals
id is:-1426302
date is:-2024-05-14
venue is:-Arun Jaitley Stadium, Delhi
team 1 is:-Delhi Capitals
team 2 is:-Lucknow Super Giants
id is:-1426303
date is:-2024-05-15
venue is:-Barsapara Cricket Stadium, Guwahati
team 1 is:-Rajasthan Royals
team 2 is:-Punjab Kings
id is:-1426305
date is:-2024-05-17
venue is:-Wankhede Stadium, Mumbai
team 1 is:-Lucknow Super Giants
team 2 is:-Mumbai Indians
id is:-1426306
date is:-2024-05-18
venue is:-M Chinnaswamy Stadium, Bengaluru
team 1 is:-Royal Challengers Bengaluru
team 2 is:-Chennai Super Kings
id is:-1426307
date is:-2024-05-19
venue is:-Rajiv Gandhi International Stadium, Uppal, Hyderabad
team 1 is:-Punjab Kings
team 2 is:-Sunrisers Hyderabad
id is:-1426309
date is:-2024-05-21
venue is:-Narendra Modi Stadium, Ahmedabad
team 1 is:-Sunrisers Hyderabad
team 2 is:-Kolkata Knight Riders
id is:-1426310
date is:-2024-05-22
venue is:-Narendra Modi Stadium, Ahmedabad
team 1 is:-Royal Challengers Bengaluru
team 2 is:-Rajasthan Royals
id is:-1426311
date is:-2024-05-24
venue is:-MA Chidambaram Stadium, Chepauk, Chennai
team 1 is:-Sunrisers Hyderabad
team 2 is:-Rajasthan Royals
id is:-1426312
date is:-2024-05-26
venue is:-MA Chidambaram Stadium, Chepauk, Chennai
team 1 is:-Sunrisers Hyderabad
team 2 is:-Kolkata Knight Riders
Hibernate: select m1_0.team1,count(*) from match m1_0 group by m1_0.team1
Hibernate: select m1_0.team2,count(*) from match m1_0 group by m1_0.team2
Hibernate: select m1_0.match_winner,count(*) from match m1_0 group by m1_0.match_winner
Hibernate: select t1_0.id,t1_0.team_name,t1_0.total_matches,t1_0.total_wins from team t1_0 where t1_0.id=?
persists
Hibernate: select t1_0.id,t1_0.team_name,t1_0.total_matches,t1_0.total_wins from team t1_0 where t1_0.id=?
merge
Hibernate: select t1_0.id,t1_0.team_name,t1_0.total_matches,t1_0.total_wins from team t1_0 where t1_0.id=?
merge
Hibernate: select t1_0.id,t1_0.team_name,t1_0.total_matches,t1_0.total_wins from team t1_0 where t1_0.id=?
merge
Hibernate: select t1_0.id,t1_0.team_name,t1_0.total_matches,t1_0.total_wins from team t1_0 where t1_0.id=?
merge
Hibernate: select t1_0.id,t1_0.team_name,t1_0.total_matches,t1_0.total_wins from team t1_0 where t1_0.id=?
merge
Hibernate: select t1_0.id,t1_0.team_name,t1_0.total_matches,t1_0.total_wins from team t1_0 where t1_0.id=?
merge
Hibernate: select t1_0.id,t1_0.team_name,t1_0.total_matches,t1_0.total_wins from team t1_0 where t1_0.id=?
merge
Hibernate: select t1_0.id,t1_0.team_name,t1_0.total_matches,t1_0.total_wins from team t1_0 where t1_0.id=?
merge
Hibernate: select t1_0.id,t1_0.team_name,t1_0.total_matches,t1_0.total_wins from team t1_0 where t1_0.id=?
merge
Hibernate: select t1_0.id,t1_0.team_name,t1_0.total_matches,t1_0.total_wins from team t1_0 where t1_0.id=?
merge
Hibernate: select t1_0.id,t1_0.team_name,t1_0.total_matches,t1_0.total_wins from team t1_0 where t1_0.id=?
merge
Hibernate: select t1_0.id,t1_0.team_name,t1_0.total_matches,t1_0.total_wins from team t1_0 where t1_0.id=?
merge
Hibernate: select t1_0.id,t1_0.team_name,t1_0.total_matches,t1_0.total_wins from team t1_0 where t1_0.id=?
merge
Hibernate: select t1_0.id,t1_0.team_name,t1_0.total_matches,t1_0.total_wins from team t1_0 where t1_0.id=?
merge
Hibernate: select t1_0.id,t1_0.team_name,t1_0.total_matches,t1_0.total_wins from team t1_0 where t1_0.id=?
merge
Hibernate: select t1_0.id,t1_0.team_name,t1_0.total_matches,t1_0.total_wins from team t1_0 where t1_0.id=?
merge
Hibernate: select t1_0.id,t1_0.team_name,t1_0.total_matches,t1_0.total_wins from team t1_0 where t1_0.id=?
merge
2024-07-09T16:17:56.046-05:00  INFO 18288 --- [ipldashboard] [           main] o.s.b.c.l.support.SimpleJobLauncher      : Job: [SimpleJob: [name=importUserJob]] completed with the following parameters: [{}] and the following status: [COMPLETED] in 1s646ms
]]></system-out>
  </testcase>
</testsuite>